0 info it worked if it ends with ok
1 verbose cli [ '/Users/arthurmsouza/.nvm/versions/node/v6.9.0/bin/node',
1 verbose cli   '/Users/arthurmsouza/.nvm/versions/node/v6.9.0/bin/npm',
1 verbose cli   'install' ]
2 info using npm@3.10.8
3 info using node@v6.9.0
4 silly loadCurrentTree Starting
5 silly install loadCurrentTree
6 silly install readLocalPackageData
7 silly install normalizeTree
8 silly loadCurrentTree Finishing
9 silly loadIdealTree Starting
10 silly install loadIdealTree
11 silly cloneCurrentTree Starting
12 silly install cloneCurrentTreeToIdealTree
13 silly cloneCurrentTree Finishing
14 silly loadShrinkwrap Starting
15 silly install loadShrinkwrap
16 silly loadShrinkwrap Finishing
17 silly loadAllDepsIntoIdealTree Starting
18 silly install loadAllDepsIntoIdealTree
19 silly fetchNamedPackageData fabric-client
20 silly mapToRegistry name fabric-client
21 silly mapToRegistry using default registry
22 silly mapToRegistry registry https://registry.npmjs.org/
23 silly mapToRegistry data Result {
23 silly mapToRegistry   raw: 'fabric-client',
23 silly mapToRegistry   scope: null,
23 silly mapToRegistry   escapedName: 'fabric-client',
23 silly mapToRegistry   name: 'fabric-client',
23 silly mapToRegistry   rawSpec: '',
23 silly mapToRegistry   spec: 'latest',
23 silly mapToRegistry   type: 'tag' }
24 silly mapToRegistry uri https://registry.npmjs.org/fabric-client
25 verbose request uri https://registry.npmjs.org/fabric-client
26 verbose request no auth needed
27 info attempt registry request try #1 at 12:04:42 PM
28 verbose request id a7937b1d02146ce7
29 verbose etag W/"dc1dfcc9183cba9636829bfab86e8700"
30 verbose lastModified Mon, 20 Apr 2020 13:17:00 GMT
31 http request GET https://registry.npmjs.org/fabric-client
32 http 304 https://registry.npmjs.org/fabric-client
33 verbose headers { date: 'Mon, 04 May 2020 15:04:42 GMT',
33 verbose headers   connection: 'keep-alive',
33 verbose headers   'set-cookie': [ '__cfduid=db85f5568d830af3616cc5d665b50ad5e1588604682; expires=Wed, 03-Jun-20 15:04:42 GMT; path=/; domain=.npmjs.org; HttpOnly; SameSite=Lax' ],
33 verbose headers   'cf-ray': '58e31d9fced7f6ab-GRU',
33 verbose headers   age: '1052',
33 verbose headers   'cache-control': 'public, max-age=300',
33 verbose headers   etag: '"dc1dfcc9183cba9636829bfab86e8700"',
33 verbose headers   'last-modified': 'Mon, 20 Apr 2020 13:17:00 GMT',
33 verbose headers   vary: 'Accept-Encoding',
33 verbose headers   'cf-cache-status': 'HIT',
33 verbose headers   'expect-ct': 'max-age=604800, report-uri="https://report-uri.cloudflare.com/cdn-cgi/beacon/expect-ct"',
33 verbose headers   server: 'cloudflare',
33 verbose headers   'cf-request-id': '0281d0d7dd0000f6abea137200000001' }
34 silly get cb [ 304,
34 silly get   { date: 'Mon, 04 May 2020 15:04:42 GMT',
34 silly get     connection: 'keep-alive',
34 silly get     'set-cookie': [ '__cfduid=db85f5568d830af3616cc5d665b50ad5e1588604682; expires=Wed, 03-Jun-20 15:04:42 GMT; path=/; domain=.npmjs.org; HttpOnly; SameSite=Lax' ],
34 silly get     'cf-ray': '58e31d9fced7f6ab-GRU',
34 silly get     age: '1052',
34 silly get     'cache-control': 'public, max-age=300',
34 silly get     etag: '"dc1dfcc9183cba9636829bfab86e8700"',
34 silly get     'last-modified': 'Mon, 20 Apr 2020 13:17:00 GMT',
34 silly get     vary: 'Accept-Encoding',
34 silly get     'cf-cache-status': 'HIT',
34 silly get     'expect-ct': 'max-age=604800, report-uri="https://report-uri.cloudflare.com/cdn-cgi/beacon/expect-ct"',
34 silly get     server: 'cloudflare',
34 silly get     'cf-request-id': '0281d0d7dd0000f6abea137200000001' } ]
35 verbose etag https://registry.npmjs.org/fabric-client from cache
36 verbose get saving fabric-client to /Users/arthurmsouza/.npm/registry.npmjs.org/fabric-client/.cache.json
37 verbose correctMkdir /Users/arthurmsouza/.npm correctMkdir not in flight; initializing
38 silly resolveWithNewModule fabric-client@1.0.0-alpha checking installable status
39 silly cache add args [ 'fabric-client@1.0.0-alpha', null ]
40 verbose cache add spec fabric-client@1.0.0-alpha
41 silly cache add parsed spec Result {
41 silly cache add   raw: 'fabric-client@1.0.0-alpha',
41 silly cache add   scope: null,
41 silly cache add   escapedName: 'fabric-client',
41 silly cache add   name: 'fabric-client',
41 silly cache add   rawSpec: '1.0.0-alpha',
41 silly cache add   spec: '1.0.0-alpha',
41 silly cache add   type: 'version' }
42 silly addNamed fabric-client@1.0.0-alpha
43 verbose addNamed "1.0.0-alpha" is a plain semver version for fabric-client
44 silly mapToRegistry name fabric-client
45 silly mapToRegistry using default registry
46 silly mapToRegistry registry https://registry.npmjs.org/
47 silly mapToRegistry data Result {
47 silly mapToRegistry   raw: 'fabric-client',
47 silly mapToRegistry   scope: null,
47 silly mapToRegistry   escapedName: 'fabric-client',
47 silly mapToRegistry   name: 'fabric-client',
47 silly mapToRegistry   rawSpec: '',
47 silly mapToRegistry   spec: 'latest',
47 silly mapToRegistry   type: 'tag' }
48 silly mapToRegistry uri https://registry.npmjs.org/fabric-client
49 verbose addNameVersion registry:https://registry.npmjs.org/fabric-client not in flight; fetching
50 verbose get https://registry.npmjs.org/fabric-client not expired, no request
51 silly cache afterAdd fabric-client@1.0.0-alpha
52 verbose afterAdd /Users/arthurmsouza/.npm/fabric-client/1.0.0-alpha/package/package.json not in flight; writing
53 verbose correctMkdir /Users/arthurmsouza/.npm correctMkdir not in flight; initializing
54 verbose afterAdd /Users/arthurmsouza/.npm/fabric-client/1.0.0-alpha/package/package.json written
55 silly fetchNamedPackageData fs
56 silly mapToRegistry name fs
57 silly mapToRegistry using default registry
58 silly mapToRegistry registry https://registry.npmjs.org/
59 silly mapToRegistry data Result {
59 silly mapToRegistry   raw: 'fs',
59 silly mapToRegistry   scope: null,
59 silly mapToRegistry   escapedName: 'fs',
59 silly mapToRegistry   name: 'fs',
59 silly mapToRegistry   rawSpec: '',
59 silly mapToRegistry   spec: 'latest',
59 silly mapToRegistry   type: 'tag' }
60 silly mapToRegistry uri https://registry.npmjs.org/fs
61 silly fetchNamedPackageData hashtable
62 silly mapToRegistry name hashtable
63 silly mapToRegistry using default registry
64 silly mapToRegistry registry https://registry.npmjs.org/
65 silly mapToRegistry data Result {
65 silly mapToRegistry   raw: 'hashtable',
65 silly mapToRegistry   scope: null,
65 silly mapToRegistry   escapedName: 'hashtable',
65 silly mapToRegistry   name: 'hashtable',
65 silly mapToRegistry   rawSpec: '',
65 silly mapToRegistry   spec: 'latest',
65 silly mapToRegistry   type: 'tag' }
66 silly mapToRegistry uri https://registry.npmjs.org/hashtable
67 silly fetchNamedPackageData jsrsasign
68 silly mapToRegistry name jsrsasign
69 silly mapToRegistry using default registry
70 silly mapToRegistry registry https://registry.npmjs.org/
71 silly mapToRegistry data Result {
71 silly mapToRegistry   raw: 'jsrsasign',
71 silly mapToRegistry   scope: null,
71 silly mapToRegistry   escapedName: 'jsrsasign',
71 silly mapToRegistry   name: 'jsrsasign',
71 silly mapToRegistry   rawSpec: '',
71 silly mapToRegistry   spec: 'latest',
71 silly mapToRegistry   type: 'tag' }
72 silly mapToRegistry uri https://registry.npmjs.org/jsrsasign
73 verbose request uri https://registry.npmjs.org/hashtable
74 verbose request no auth needed
75 info attempt registry request try #1 at 12:04:42 PM
76 verbose etag W/"20150a46e65af92cee80e6d67839dbb0"
77 verbose lastModified Sun, 27 May 2018 03:35:23 GMT
78 http request GET https://registry.npmjs.org/hashtable
79 verbose request uri https://registry.npmjs.org/jsrsasign
80 verbose request no auth needed
81 info attempt registry request try #1 at 12:04:42 PM
82 verbose etag W/"c8f724a62362f433df0f7bd8681a41f0"
83 verbose lastModified Mon, 13 Apr 2020 00:52:54 GMT
84 http request GET https://registry.npmjs.org/jsrsasign
85 verbose request uri https://registry.npmjs.org/fs
86 verbose request no auth needed
87 info attempt registry request try #1 at 12:04:42 PM
88 verbose etag W/"31ff75b0a60ab91d49b89bbf50a6b2b6"
89 verbose lastModified Fri, 15 Nov 2019 23:33:29 GMT
90 http request GET https://registry.npmjs.org/fs
91 http 304 https://registry.npmjs.org/hashtable
92 verbose headers { date: 'Mon, 04 May 2020 15:04:42 GMT',
92 verbose headers   connection: 'keep-alive',
92 verbose headers   'set-cookie': [ '__cfduid=db85f5568d830af3616cc5d665b50ad5e1588604682; expires=Wed, 03-Jun-20 15:04:42 GMT; path=/; domain=.npmjs.org; HttpOnly; SameSite=Lax' ],
92 verbose headers   'cf-ray': '58e31da41d39f6ab-GRU',
92 verbose headers   age: '998',
92 verbose headers   'cache-control': 'public, max-age=300',
92 verbose headers   etag: '"20150a46e65af92cee80e6d67839dbb0"',
92 verbose headers   'last-modified': 'Sun, 27 May 2018 03:35:23 GMT',
92 verbose headers   vary: 'Accept-Encoding',
92 verbose headers   'cf-cache-status': 'HIT',
92 verbose headers   'expect-ct': 'max-age=604800, report-uri="https://report-uri.cloudflare.com/cdn-cgi/beacon/expect-ct"',
92 verbose headers   server: 'cloudflare',
92 verbose headers   'cf-request-id': '0281d0da920000f6abea158200000001' }
93 silly get cb [ 304,
93 silly get   { date: 'Mon, 04 May 2020 15:04:42 GMT',
93 silly get     connection: 'keep-alive',
93 silly get     'set-cookie': [ '__cfduid=db85f5568d830af3616cc5d665b50ad5e1588604682; expires=Wed, 03-Jun-20 15:04:42 GMT; path=/; domain=.npmjs.org; HttpOnly; SameSite=Lax' ],
93 silly get     'cf-ray': '58e31da41d39f6ab-GRU',
93 silly get     age: '998',
93 silly get     'cache-control': 'public, max-age=300',
93 silly get     etag: '"20150a46e65af92cee80e6d67839dbb0"',
93 silly get     'last-modified': 'Sun, 27 May 2018 03:35:23 GMT',
93 silly get     vary: 'Accept-Encoding',
93 silly get     'cf-cache-status': 'HIT',
93 silly get     'expect-ct': 'max-age=604800, report-uri="https://report-uri.cloudflare.com/cdn-cgi/beacon/expect-ct"',
93 silly get     server: 'cloudflare',
93 silly get     'cf-request-id': '0281d0da920000f6abea158200000001' } ]
94 verbose etag https://registry.npmjs.org/hashtable from cache
95 verbose get saving hashtable to /Users/arthurmsouza/.npm/registry.npmjs.org/hashtable/.cache.json
96 verbose correctMkdir /Users/arthurmsouza/.npm correctMkdir not in flight; initializing
97 silly resolveWithNewModule hashtable@2.0.2 checking installable status
98 silly cache add args [ 'hashtable@^2.0.2', null ]
99 verbose cache add spec hashtable@^2.0.2
100 silly cache add parsed spec Result {
100 silly cache add   raw: 'hashtable@^2.0.2',
100 silly cache add   scope: null,
100 silly cache add   escapedName: 'hashtable',
100 silly cache add   name: 'hashtable',
100 silly cache add   rawSpec: '^2.0.2',
100 silly cache add   spec: '>=2.0.2 <3.0.0',
100 silly cache add   type: 'range' }
101 silly addNamed hashtable@>=2.0.2 <3.0.0
102 verbose addNamed ">=2.0.2 <3.0.0" is a valid semver range for hashtable
103 silly addNameRange { name: 'hashtable', range: '>=2.0.2 <3.0.0', hasData: false }
104 silly mapToRegistry name hashtable
105 silly mapToRegistry using default registry
106 silly mapToRegistry registry https://registry.npmjs.org/
107 silly mapToRegistry data Result {
107 silly mapToRegistry   raw: 'hashtable',
107 silly mapToRegistry   scope: null,
107 silly mapToRegistry   escapedName: 'hashtable',
107 silly mapToRegistry   name: 'hashtable',
107 silly mapToRegistry   rawSpec: '',
107 silly mapToRegistry   spec: 'latest',
107 silly mapToRegistry   type: 'tag' }
108 silly mapToRegistry uri https://registry.npmjs.org/hashtable
109 verbose addNameRange registry:https://registry.npmjs.org/hashtable not in flight; fetching
110 verbose get https://registry.npmjs.org/hashtable not expired, no request
111 silly addNameRange number 2 { name: 'hashtable', range: '>=2.0.2 <3.0.0', hasData: true }
112 silly addNameRange versions [ 'hashtable',
112 silly addNameRange   [ '0.1.0',
112 silly addNameRange     '0.1.1',
112 silly addNameRange     '0.1.2',
112 silly addNameRange     '0.1.3',
112 silly addNameRange     '0.1.4',
112 silly addNameRange     '0.1.5',
112 silly addNameRange     '0.2.1',
112 silly addNameRange     '0.3.0',
112 silly addNameRange     '0.3.1',
112 silly addNameRange     '0.4.0',
112 silly addNameRange     '0.4.1',
112 silly addNameRange     '0.4.2',
112 silly addNameRange     '0.4.3',
112 silly addNameRange     '0.5.0',
112 silly addNameRange     '0.5.1',
112 silly addNameRange     '0.5.2',
112 silly addNameRange     '0.5.3',
112 silly addNameRange     '1.0.0',
112 silly addNameRange     '1.0.1',
112 silly addNameRange     '1.0.3',
112 silly addNameRange     '2.0.1',
112 silly addNameRange     '2.0.2' ] ]
113 silly addNamed hashtable@2.0.2
114 verbose addNamed "2.0.2" is a plain semver version for hashtable
115 silly cache afterAdd hashtable@2.0.2
116 verbose afterAdd /Users/arthurmsouza/.npm/hashtable/2.0.2/package/package.json not in flight; writing
117 verbose correctMkdir /Users/arthurmsouza/.npm correctMkdir not in flight; initializing
118 verbose afterAdd /Users/arthurmsouza/.npm/hashtable/2.0.2/package/package.json written
119 http 304 https://registry.npmjs.org/jsrsasign
120 verbose headers { date: 'Mon, 04 May 2020 15:04:42 GMT',
120 verbose headers   connection: 'keep-alive',
120 verbose headers   'set-cookie': [ '__cfduid=d422e2b937bb1adf518b9d208e36cd85c1588604682; expires=Wed, 03-Jun-20 15:04:42 GMT; path=/; domain=.npmjs.org; HttpOnly; SameSite=Lax' ],
120 verbose headers   'cf-ray': '58e31da47bf9eebe-GRU',
120 verbose headers   age: '4920',
120 verbose headers   'cache-control': 'public, max-age=300',
120 verbose headers   etag: '"c8f724a62362f433df0f7bd8681a41f0"',
120 verbose headers   'last-modified': 'Mon, 13 Apr 2020 00:52:54 GMT',
120 verbose headers   vary: 'Accept-Encoding',
120 verbose headers   'cf-cache-status': 'HIT',
120 verbose headers   'expect-ct': 'max-age=604800, report-uri="https://report-uri.cloudflare.com/cdn-cgi/beacon/expect-ct"',
120 verbose headers   server: 'cloudflare',
120 verbose headers   'cf-request-id': '0281d0dacb0000eebe0f86b200000001' }
121 silly get cb [ 304,
121 silly get   { date: 'Mon, 04 May 2020 15:04:42 GMT',
121 silly get     connection: 'keep-alive',
121 silly get     'set-cookie': [ '__cfduid=d422e2b937bb1adf518b9d208e36cd85c1588604682; expires=Wed, 03-Jun-20 15:04:42 GMT; path=/; domain=.npmjs.org; HttpOnly; SameSite=Lax' ],
121 silly get     'cf-ray': '58e31da47bf9eebe-GRU',
121 silly get     age: '4920',
121 silly get     'cache-control': 'public, max-age=300',
121 silly get     etag: '"c8f724a62362f433df0f7bd8681a41f0"',
121 silly get     'last-modified': 'Mon, 13 Apr 2020 00:52:54 GMT',
121 silly get     vary: 'Accept-Encoding',
121 silly get     'cf-cache-status': 'HIT',
121 silly get     'expect-ct': 'max-age=604800, report-uri="https://report-uri.cloudflare.com/cdn-cgi/beacon/expect-ct"',
121 silly get     server: 'cloudflare',
121 silly get     'cf-request-id': '0281d0dacb0000eebe0f86b200000001' } ]
122 verbose etag https://registry.npmjs.org/jsrsasign from cache
123 verbose get saving jsrsasign to /Users/arthurmsouza/.npm/registry.npmjs.org/jsrsasign/.cache.json
124 verbose correctMkdir /Users/arthurmsouza/.npm correctMkdir not in flight; initializing
125 silly resolveWithNewModule jsrsasign@6.2.2 checking installable status
126 silly cache add args [ 'jsrsasign@6.2.2', null ]
127 verbose cache add spec jsrsasign@6.2.2
128 silly cache add parsed spec Result {
128 silly cache add   raw: 'jsrsasign@6.2.2',
128 silly cache add   scope: null,
128 silly cache add   escapedName: 'jsrsasign',
128 silly cache add   name: 'jsrsasign',
128 silly cache add   rawSpec: '6.2.2',
128 silly cache add   spec: '6.2.2',
128 silly cache add   type: 'version' }
129 silly addNamed jsrsasign@6.2.2
130 verbose addNamed "6.2.2" is a plain semver version for jsrsasign
131 silly mapToRegistry name jsrsasign
132 silly mapToRegistry using default registry
133 silly mapToRegistry registry https://registry.npmjs.org/
134 silly mapToRegistry data Result {
134 silly mapToRegistry   raw: 'jsrsasign',
134 silly mapToRegistry   scope: null,
134 silly mapToRegistry   escapedName: 'jsrsasign',
134 silly mapToRegistry   name: 'jsrsasign',
134 silly mapToRegistry   rawSpec: '',
134 silly mapToRegistry   spec: 'latest',
134 silly mapToRegistry   type: 'tag' }
135 silly mapToRegistry uri https://registry.npmjs.org/jsrsasign
136 verbose addNameVersion registry:https://registry.npmjs.org/jsrsasign not in flight; fetching
137 verbose get https://registry.npmjs.org/jsrsasign not expired, no request
138 http 304 https://registry.npmjs.org/fs
139 verbose headers { date: 'Mon, 04 May 2020 15:04:42 GMT',
139 verbose headers   connection: 'keep-alive',
139 verbose headers   'set-cookie': [ '__cfduid=d969791ea05f4624c8829d6d3882884f21588604682; expires=Wed, 03-Jun-20 15:04:42 GMT; path=/; domain=.npmjs.org; HttpOnly; SameSite=Lax' ],
139 verbose headers   'cf-ray': '58e31da478bef760-GRU',
139 verbose headers   age: '6176',
139 verbose headers   'cache-control': 'public, max-age=300',
139 verbose headers   etag: '"31ff75b0a60ab91d49b89bbf50a6b2b6"',
139 verbose headers   'last-modified': 'Fri, 15 Nov 2019 23:33:29 GMT',
139 verbose headers   vary: 'Accept-Encoding',
139 verbose headers   'cf-cache-status': 'HIT',
139 verbose headers   'expect-ct': 'max-age=604800, report-uri="https://report-uri.cloudflare.com/cdn-cgi/beacon/expect-ct"',
139 verbose headers   server: 'cloudflare',
139 verbose headers   'cf-request-id': '0281d0dacc0000f760e82dd200000001' }
140 silly get cb [ 304,
140 silly get   { date: 'Mon, 04 May 2020 15:04:42 GMT',
140 silly get     connection: 'keep-alive',
140 silly get     'set-cookie': [ '__cfduid=d969791ea05f4624c8829d6d3882884f21588604682; expires=Wed, 03-Jun-20 15:04:42 GMT; path=/; domain=.npmjs.org; HttpOnly; SameSite=Lax' ],
140 silly get     'cf-ray': '58e31da478bef760-GRU',
140 silly get     age: '6176',
140 silly get     'cache-control': 'public, max-age=300',
140 silly get     etag: '"31ff75b0a60ab91d49b89bbf50a6b2b6"',
140 silly get     'last-modified': 'Fri, 15 Nov 2019 23:33:29 GMT',
140 silly get     vary: 'Accept-Encoding',
140 silly get     'cf-cache-status': 'HIT',
140 silly get     'expect-ct': 'max-age=604800, report-uri="https://report-uri.cloudflare.com/cdn-cgi/beacon/expect-ct"',
140 silly get     server: 'cloudflare',
140 silly get     'cf-request-id': '0281d0dacc0000f760e82dd200000001' } ]
141 verbose etag https://registry.npmjs.org/fs from cache
142 verbose get saving fs to /Users/arthurmsouza/.npm/registry.npmjs.org/fs/.cache.json
143 verbose correctMkdir /Users/arthurmsouza/.npm correctMkdir not in flight; initializing
144 silly cache afterAdd jsrsasign@6.2.2
145 verbose afterAdd /Users/arthurmsouza/.npm/jsrsasign/6.2.2/package/package.json not in flight; writing
146 verbose correctMkdir /Users/arthurmsouza/.npm correctMkdir not in flight; initializing
147 silly resolveWithNewModule fs@0.0.2 checking installable status
148 silly cache add args [ 'fs@0.0.2', null ]
149 verbose cache add spec fs@0.0.2
150 silly cache add parsed spec Result {
150 silly cache add   raw: 'fs@0.0.2',
150 silly cache add   scope: null,
150 silly cache add   escapedName: 'fs',
150 silly cache add   name: 'fs',
150 silly cache add   rawSpec: '0.0.2',
150 silly cache add   spec: '0.0.2',
150 silly cache add   type: 'version' }
151 silly addNamed fs@0.0.2
152 verbose addNamed "0.0.2" is a plain semver version for fs
153 silly mapToRegistry name fs
154 silly mapToRegistry using default registry
155 silly mapToRegistry registry https://registry.npmjs.org/
156 silly mapToRegistry data Result {
156 silly mapToRegistry   raw: 'fs',
156 silly mapToRegistry   scope: null,
156 silly mapToRegistry   escapedName: 'fs',
156 silly mapToRegistry   name: 'fs',
156 silly mapToRegistry   rawSpec: '',
156 silly mapToRegistry   spec: 'latest',
156 silly mapToRegistry   type: 'tag' }
157 silly mapToRegistry uri https://registry.npmjs.org/fs
158 verbose addNameVersion registry:https://registry.npmjs.org/fs not in flight; fetching
159 verbose afterAdd /Users/arthurmsouza/.npm/jsrsasign/6.2.2/package/package.json written
160 verbose get https://registry.npmjs.org/fs not expired, no request
161 silly cache afterAdd fs@0.0.2
162 verbose afterAdd /Users/arthurmsouza/.npm/fs/0.0.2/package/package.json not in flight; writing
163 verbose correctMkdir /Users/arthurmsouza/.npm correctMkdir not in flight; initializing
164 verbose afterAdd /Users/arthurmsouza/.npm/fs/0.0.2/package/package.json written
165 silly fetchNamedPackageData nan
166 silly mapToRegistry name nan
167 silly mapToRegistry using default registry
168 silly mapToRegistry registry https://registry.npmjs.org/
169 silly mapToRegistry data Result {
169 silly mapToRegistry   raw: 'nan',
169 silly mapToRegistry   scope: null,
169 silly mapToRegistry   escapedName: 'nan',
169 silly mapToRegistry   name: 'nan',
169 silly mapToRegistry   rawSpec: '',
169 silly mapToRegistry   spec: 'latest',
169 silly mapToRegistry   type: 'tag' }
170 silly mapToRegistry uri https://registry.npmjs.org/nan
171 verbose request uri https://registry.npmjs.org/nan
172 verbose request no auth needed
173 info attempt registry request try #1 at 12:04:43 PM
174 verbose etag W/"65e39fae07d9be22dea97fea70f4ccb0"
175 verbose lastModified Tue, 21 Apr 2020 19:00:05 GMT
176 http request GET https://registry.npmjs.org/nan
177 http 304 https://registry.npmjs.org/nan
178 verbose headers { date: 'Mon, 04 May 2020 15:04:43 GMT',
178 verbose headers   connection: 'keep-alive',
178 verbose headers   'set-cookie': [ '__cfduid=d0e796d18c0c71aed677a73937728dffd1588604683; expires=Wed, 03-Jun-20 15:04:43 GMT; path=/; domain=.npmjs.org; HttpOnly; SameSite=Lax' ],
178 verbose headers   'cf-ray': '58e31da63fc1f6ab-GRU',
178 verbose headers   age: '5567',
178 verbose headers   'cache-control': 'public, max-age=300',
178 verbose headers   etag: '"65e39fae07d9be22dea97fea70f4ccb0"',
178 verbose headers   'last-modified': 'Tue, 21 Apr 2020 19:00:05 GMT',
178 verbose headers   vary: 'Accept-Encoding',
178 verbose headers   'cf-cache-status': 'HIT',
178 verbose headers   'expect-ct': 'max-age=604800, report-uri="https://report-uri.cloudflare.com/cdn-cgi/beacon/expect-ct"',
178 verbose headers   server: 'cloudflare',
178 verbose headers   'cf-request-id': '0281d0dbe10000f6abea160200000001' }
179 silly get cb [ 304,
179 silly get   { date: 'Mon, 04 May 2020 15:04:43 GMT',
179 silly get     connection: 'keep-alive',
179 silly get     'set-cookie': [ '__cfduid=d0e796d18c0c71aed677a73937728dffd1588604683; expires=Wed, 03-Jun-20 15:04:43 GMT; path=/; domain=.npmjs.org; HttpOnly; SameSite=Lax' ],
179 silly get     'cf-ray': '58e31da63fc1f6ab-GRU',
179 silly get     age: '5567',
179 silly get     'cache-control': 'public, max-age=300',
179 silly get     etag: '"65e39fae07d9be22dea97fea70f4ccb0"',
179 silly get     'last-modified': 'Tue, 21 Apr 2020 19:00:05 GMT',
179 silly get     vary: 'Accept-Encoding',
179 silly get     'cf-cache-status': 'HIT',
179 silly get     'expect-ct': 'max-age=604800, report-uri="https://report-uri.cloudflare.com/cdn-cgi/beacon/expect-ct"',
179 silly get     server: 'cloudflare',
179 silly get     'cf-request-id': '0281d0dbe10000f6abea160200000001' } ]
180 verbose etag https://registry.npmjs.org/nan from cache
181 verbose get saving nan to /Users/arthurmsouza/.npm/registry.npmjs.org/nan/.cache.json
182 verbose correctMkdir /Users/arthurmsouza/.npm correctMkdir not in flight; initializing
183 silly resolveWithNewModule nan@2.14.1 checking installable status
184 silly cache add args [ 'nan@latest', null ]
185 verbose cache add spec nan@latest
186 silly cache add parsed spec Result {
186 silly cache add   raw: 'nan@latest',
186 silly cache add   scope: null,
186 silly cache add   escapedName: 'nan',
186 silly cache add   name: 'nan',
186 silly cache add   rawSpec: 'latest',
186 silly cache add   spec: 'latest',
186 silly cache add   type: 'tag' }
187 silly addNamed nan@latest
188 verbose addNamed "latest" is being treated as a dist-tag for nan
189 info addNameTag [ 'nan', 'latest' ]
190 silly mapToRegistry name nan
191 silly mapToRegistry using default registry
192 silly mapToRegistry registry https://registry.npmjs.org/
193 silly mapToRegistry data Result {
193 silly mapToRegistry   raw: 'nan',
193 silly mapToRegistry   scope: null,
193 silly mapToRegistry   escapedName: 'nan',
193 silly mapToRegistry   name: 'nan',
193 silly mapToRegistry   rawSpec: '',
193 silly mapToRegistry   spec: 'latest',
193 silly mapToRegistry   type: 'tag' }
194 silly mapToRegistry uri https://registry.npmjs.org/nan
195 verbose addNameTag registry:https://registry.npmjs.org/nan not in flight; fetching
196 verbose get https://registry.npmjs.org/nan not expired, no request
197 silly addNameTag next cb for nan with tag latest
198 silly addNamed nan@2.14.1
199 verbose addNamed "2.14.1" is a plain semver version for nan
200 silly cache afterAdd nan@2.14.1
201 verbose afterAdd /Users/arthurmsouza/.npm/nan/2.14.1/package/package.json not in flight; writing
202 verbose correctMkdir /Users/arthurmsouza/.npm correctMkdir not in flight; initializing
203 verbose afterAdd /Users/arthurmsouza/.npm/nan/2.14.1/package/package.json written
204 silly loadAllDepsIntoIdealTree Finishing
205 silly loadIdealTree Finishing
206 silly currentTree aciptance@0.0.1
206 silly currentTree ├── accepts@1.2.13
206 silly currentTree ├── aes-js@1.0.0
206 silly currentTree ├── ansi-regex@2.1.1
206 silly currentTree ├── argparse@1.0.10
206 silly currentTree ├── arguejs@0.2.3
206 silly currentTree ├── array-flatten@1.1.1
206 silly currentTree ├── ascli@1.0.1
206 silly currentTree ├── asn1@0.2.4
206 silly currentTree ├── asn1js@1.2.12
206 silly currentTree ├─┬ assert@1.5.0
206 silly currentTree │ ├── inherits@2.0.1
206 silly currentTree │ └── util@0.10.3
206 silly currentTree ├── assertion-error@1.1.0
206 silly currentTree ├── async@2.6.3
206 silly currentTree ├── balanced-match@1.0.0
206 silly currentTree ├── bl@1.2.2
206 silly currentTree ├── bn.js@4.11.8
206 silly currentTree ├── body-parser@1.19.0
206 silly currentTree ├── brace-expansion@1.1.11
206 silly currentTree ├── brorand@1.1.0
206 silly currentTree ├── browser-stdout@1.3.0
206 silly currentTree ├── bytebuffer@5.0.1
206 silly currentTree ├── bytes@3.1.0
206 silly currentTree ├── callsite@1.0.0
206 silly currentTree ├── camelcase@2.1.1
206 silly currentTree ├── cfenv@1.0.4
206 silly currentTree ├── chai-http@3.0.0
206 silly currentTree ├── chai@3.5.0
206 silly currentTree ├── cliui@3.2.0
206 silly currentTree ├── code-point-at@1.1.0
206 silly currentTree ├── colors@1.0.3
206 silly currentTree ├── colour@0.7.1
206 silly currentTree ├── combined-stream@1.0.8
206 silly currentTree ├── commander@2.9.0
206 silly currentTree ├── component-emitter@1.3.0
206 silly currentTree ├── concat-map@0.0.1
206 silly currentTree ├── content-disposition@0.5.1
206 silly currentTree ├── content-type@1.0.4
206 silly currentTree ├── cookie-parser@1.4.5
206 silly currentTree ├── cookie-signature@1.0.6
206 silly currentTree ├── cookie@0.4.0
206 silly currentTree ├── cookiejar@2.0.6
206 silly currentTree ├── core-util-is@1.0.2
206 silly currentTree ├── crypto@0.0.3
206 silly currentTree ├── cycle@1.0.3
206 silly currentTree ├── debug@2.6.9
206 silly currentTree ├── decamelize@1.2.0
206 silly currentTree ├─┬ deep-eql@0.1.3
206 silly currentTree │ └── type-detect@0.1.1
206 silly currentTree ├── delayed-stream@1.0.0
206 silly currentTree ├── depd@1.1.2
206 silly currentTree ├── destroy@1.0.4
206 silly currentTree ├── diff@3.2.0
206 silly currentTree ├── ee-first@1.1.1
206 silly currentTree ├── ejs@2.7.4
206 silly currentTree ├── elliptic@6.5.2
206 silly currentTree ├── end-of-stream@1.4.4
206 silly currentTree ├── error-ex@1.3.2
206 silly currentTree ├── escape-html@1.0.3
206 silly currentTree ├── escape-string-regexp@1.0.5
206 silly currentTree ├── esprima@2.7.3
206 silly currentTree ├── etag@1.7.0
206 silly currentTree ├── events@1.1.1
206 silly currentTree ├─┬ express-session@1.17.1
206 silly currentTree │ └── depd@2.0.0
206 silly currentTree ├─┬ express@4.13.4
206 silly currentTree │ ├── cookie@0.1.5
206 silly currentTree │ ├── debug@2.2.0
206 silly currentTree │ ├── ms@0.7.1
206 silly currentTree │ └── qs@4.0.0
206 silly currentTree ├── extend@3.0.2
206 silly currentTree ├── eyes@0.1.8
206 silly currentTree ├── fabric-ca-client@1.0.0-alpha.0
206 silly currentTree ├─┬ finalhandler@0.4.1
206 silly currentTree │ ├── debug@2.2.0
206 silly currentTree │ └── ms@0.7.1
206 silly currentTree ├── find-up@1.1.2
206 silly currentTree ├─┬ form-data@1.0.0-rc4
206 silly currentTree │ └── async@1.5.2
206 silly currentTree ├── formidable@1.2.2
206 silly currentTree ├── forwarded@0.1.2
206 silly currentTree ├── fresh@0.3.0
206 silly currentTree ├── fs-extra@0.30.0
206 silly currentTree ├── fs.realpath@1.0.0
206 silly currentTree ├── fs@0.0.1-security
206 silly currentTree ├── function-bind@1.1.1
206 silly currentTree ├── get-caller-file@1.0.3
206 silly currentTree ├── glob@7.1.6
206 silly currentTree ├── graceful-fs@4.2.4
206 silly currentTree ├── graceful-readlink@1.0.1
206 silly currentTree ├── growl@1.9.2
206 silly currentTree ├─┬ grpc@1.2.4
206 silly currentTree │ └─┬ node-pre-gyp@0.6.34
206 silly currentTree │   ├─┬ mkdirp@0.5.1
206 silly currentTree │   │ └── minimist@0.0.8
206 silly currentTree │   ├─┬ nopt@4.0.1
206 silly currentTree │   │ ├── abbrev@1.1.0
206 silly currentTree │   │ └─┬ osenv@0.1.4
206 silly currentTree │   │   ├── os-homedir@1.0.2
206 silly currentTree │   │   └── os-tmpdir@1.0.2
206 silly currentTree │   ├─┬ npmlog@4.0.2
206 silly currentTree │   │ ├─┬ are-we-there-yet@1.1.2
206 silly currentTree │   │ │ ├── delegates@1.0.0
206 silly currentTree │   │ │ └─┬ readable-stream@2.2.9
206 silly currentTree │   │ │   ├── buffer-shims@1.0.0
206 silly currentTree │   │ │   ├── core-util-is@1.0.2
206 silly currentTree │   │ │   ├── inherits@2.0.3
206 silly currentTree │   │ │   ├── isarray@1.0.0
206 silly currentTree │   │ │   ├── process-nextick-args@1.0.7
206 silly currentTree │   │ │   ├── string_decoder@1.0.0
206 silly currentTree │   │ │   └── util-deprecate@1.0.2
206 silly currentTree │   │ ├── console-control-strings@1.1.0
206 silly currentTree │   │ ├─┬ gauge@2.7.3
206 silly currentTree │   │ │ ├── aproba@1.1.1
206 silly currentTree │   │ │ ├── has-unicode@2.0.1
206 silly currentTree │   │ │ ├── object-assign@4.1.1
206 silly currentTree │   │ │ ├── signal-exit@3.0.2
206 silly currentTree │   │ │ ├─┬ string-width@1.0.2
206 silly currentTree │   │ │ │ ├── code-point-at@1.1.0
206 silly currentTree │   │ │ │ └─┬ is-fullwidth-code-point@1.0.0
206 silly currentTree │   │ │ │   └── number-is-nan@1.0.1
206 silly currentTree │   │ │ ├─┬ strip-ansi@3.0.1
206 silly currentTree │   │ │ │ └── ansi-regex@2.1.1
206 silly currentTree │   │ │ └── wide-align@1.1.0
206 silly currentTree │   │ └── set-blocking@2.0.0
206 silly currentTree │   ├─┬ rc@1.2.1
206 silly currentTree │   │ ├── deep-extend@0.4.1
206 silly currentTree │   │ ├── ini@1.3.4
206 silly currentTree │   │ ├── minimist@1.2.0
206 silly currentTree │   │ └── strip-json-comments@2.0.1
206 silly currentTree │   ├─┬ request@2.81.0
206 silly currentTree │   │ ├── aws-sign2@0.6.0
206 silly currentTree │   │ ├── aws4@1.6.0
206 silly currentTree │   │ ├── caseless@0.12.0
206 silly currentTree │   │ ├─┬ combined-stream@1.0.5
206 silly currentTree │   │ │ └── delayed-stream@1.0.0
206 silly currentTree │   │ ├── extend@3.0.0
206 silly currentTree │   │ ├── forever-agent@0.6.1
206 silly currentTree │   │ ├─┬ form-data@2.1.4
206 silly currentTree │   │ │ └── asynckit@0.4.0
206 silly currentTree │   │ ├─┬ har-validator@4.2.1
206 silly currentTree │   │ │ ├─┬ ajv@4.11.6
206 silly currentTree │   │ │ │ ├── co@4.6.0
206 silly currentTree │   │ │ │ └─┬ json-stable-stringify@1.0.1
206 silly currentTree │   │ │ │   └── jsonify@0.0.0
206 silly currentTree │   │ │ └── har-schema@1.0.5
206 silly currentTree │   │ ├─┬ hawk@3.1.3
206 silly currentTree │   │ │ ├── boom@2.10.1
206 silly currentTree │   │ │ ├── cryptiles@2.0.5
206 silly currentTree │   │ │ ├── hoek@2.16.3
206 silly currentTree │   │ │ └── sntp@1.0.9
206 silly currentTree │   │ ├─┬ http-signature@1.1.1
206 silly currentTree │   │ │ ├── assert-plus@0.2.0
206 silly currentTree │   │ │ ├─┬ jsprim@1.4.0
206 silly currentTree │   │ │ │ ├── assert-plus@1.0.0
206 silly currentTree │   │ │ │ ├── extsprintf@1.0.2
206 silly currentTree │   │ │ │ ├── json-schema@0.2.3
206 silly currentTree │   │ │ │ └── verror@1.3.6
206 silly currentTree │   │ │ └─┬ sshpk@1.11.0
206 silly currentTree │   │ │   ├── asn1@0.2.3
206 silly currentTree │   │ │   ├── assert-plus@1.0.0
206 silly currentTree │   │ │   ├── bcrypt-pbkdf@1.0.1
206 silly currentTree │   │ │   ├── dashdash@1.14.1
206 silly currentTree │   │ │   ├── ecc-jsbn@0.1.1
206 silly currentTree │   │ │   ├── getpass@0.1.6
206 silly currentTree │   │ │   ├── jodid25519@1.0.2
206 silly currentTree │   │ │   ├── jsbn@0.1.1
206 silly currentTree │   │ │   └── tweetnacl@0.14.5
206 silly currentTree │   │ ├── is-typedarray@1.0.0
206 silly currentTree │   │ ├── isstream@0.1.2
206 silly currentTree │   │ ├── json-stringify-safe@5.0.1
206 silly currentTree │   │ ├─┬ mime-types@2.1.15
206 silly currentTree │   │ │ └── mime-db@1.27.0
206 silly currentTree │   │ ├── oauth-sign@0.8.2
206 silly currentTree │   │ ├── performance-now@0.2.0
206 silly currentTree │   │ ├── qs@6.4.0
206 silly currentTree │   │ ├── safe-buffer@5.0.1
206 silly currentTree │   │ ├── stringstream@0.0.5
206 silly currentTree │   │ ├─┬ tough-cookie@2.3.2
206 silly currentTree │   │ │ └── punycode@1.4.1
206 silly currentTree │   │ ├── tunnel-agent@0.6.0
206 silly currentTree │   │ └── uuid@3.0.1
206 silly currentTree │   ├─┬ rimraf@2.6.1
206 silly currentTree │   │ └─┬ glob@7.1.1
206 silly currentTree │   │   ├── fs.realpath@1.0.0
206 silly currentTree │   │   ├─┬ inflight@1.0.6
206 silly currentTree │   │   │ └── wrappy@1.0.2
206 silly currentTree │   │   ├── inherits@2.0.3
206 silly currentTree │   │   ├─┬ minimatch@3.0.3
206 silly currentTree │   │   │ └─┬ brace-expansion@1.1.7
206 silly currentTree │   │   │   ├── balanced-match@0.4.2
206 silly currentTree │   │   │   └── concat-map@0.0.1
206 silly currentTree │   │   ├─┬ once@1.4.0
206 silly currentTree │   │   │ └── wrappy@1.0.2
206 silly currentTree │   │   └── path-is-absolute@1.0.1
206 silly currentTree │   ├── semver@5.3.0
206 silly currentTree │   ├─┬ tar-pack@3.4.0
206 silly currentTree │   │ ├─┬ debug@2.6.3
206 silly currentTree │   │ │ └── ms@0.7.2
206 silly currentTree │   │ ├─┬ fstream-ignore@1.0.5
206 silly currentTree │   │ │ ├── inherits@2.0.3
206 silly currentTree │   │ │ └─┬ minimatch@3.0.3
206 silly currentTree │   │ │   └─┬ brace-expansion@1.1.7
206 silly currentTree │   │ │     ├── balanced-match@0.4.2
206 silly currentTree │   │ │     └── concat-map@0.0.1
206 silly currentTree │   │ ├─┬ fstream@1.0.11
206 silly currentTree │   │ │ ├── graceful-fs@4.1.11
206 silly currentTree │   │ │ └── inherits@2.0.3
206 silly currentTree │   │ ├─┬ once@1.4.0
206 silly currentTree │   │ │ └── wrappy@1.0.2
206 silly currentTree │   │ ├─┬ readable-stream@2.2.9
206 silly currentTree │   │ │ ├── buffer-shims@1.0.0
206 silly currentTree │   │ │ ├── core-util-is@1.0.2
206 silly currentTree │   │ │ ├── inherits@2.0.3
206 silly currentTree │   │ │ ├── isarray@1.0.0
206 silly currentTree │   │ │ ├── process-nextick-args@1.0.7
206 silly currentTree │   │ │ ├── string_decoder@1.0.0
206 silly currentTree │   │ │ └── util-deprecate@1.0.2
206 silly currentTree │   │ └── uid-number@0.0.6
206 silly currentTree │   └─┬ tar@2.2.1
206 silly currentTree │     ├── block-stream@0.0.9
206 silly currentTree │     ├─┬ fstream@1.0.11
206 silly currentTree │     │ └── graceful-fs@4.1.11
206 silly currentTree │     └── inherits@2.0.3
206 silly currentTree ├── has-flag@1.0.0
206 silly currentTree ├── has@1.0.3
206 silly currentTree ├── hash.js@1.1.7
206 silly currentTree ├── he@1.1.1
206 silly currentTree ├── hmac-drbg@1.0.1
206 silly currentTree ├── hosted-git-info@2.8.8
206 silly currentTree ├── http-errors@1.7.2
206 silly currentTree ├── iconv-lite@0.4.24
206 silly currentTree ├── inflight@1.0.6
206 silly currentTree ├── inherits@2.0.3
206 silly currentTree ├── ini@1.3.5
206 silly currentTree ├── invert-kv@1.0.0
206 silly currentTree ├── ip-regex@1.0.3
206 silly currentTree ├── ipaddr.js@1.0.5
206 silly currentTree ├── is-arrayish@0.2.1
206 silly currentTree ├── is-fullwidth-code-point@1.0.0
206 silly currentTree ├── is-ip@1.0.0
206 silly currentTree ├── is-utf8@0.2.1
206 silly currentTree ├── is@3.3.0
206 silly currentTree ├── isarray@1.0.0
206 silly currentTree ├── isstream@0.1.2
206 silly currentTree ├── js-sha3@0.5.7
206 silly currentTree ├── js-yaml@3.7.0
206 silly currentTree ├── json-stringify-safe@5.0.1
206 silly currentTree ├── json3@3.3.2
206 silly currentTree ├── jsonfile@2.4.0
206 silly currentTree ├── jsrsasign@6.2.3
206 silly currentTree ├── jssha@2.4.2
206 silly currentTree ├── klaw@1.3.1
206 silly currentTree ├── lcid@1.0.0
206 silly currentTree ├── load-json-file@1.1.0
206 silly currentTree ├── lodash._baseassign@3.2.0
206 silly currentTree ├── lodash._basecopy@3.0.1
206 silly currentTree ├── lodash._basecreate@3.0.3
206 silly currentTree ├── lodash._getnative@3.9.1
206 silly currentTree ├── lodash._isiterateecall@3.0.9
206 silly currentTree ├── lodash.create@3.1.1
206 silly currentTree ├── lodash.isarguments@3.1.0
206 silly currentTree ├── lodash.isarray@3.0.4
206 silly currentTree ├── lodash.keys@3.1.2
206 silly currentTree ├── lodash@4.17.15
206 silly currentTree ├── long@3.2.0
206 silly currentTree ├── media-typer@0.3.0
206 silly currentTree ├── merge-descriptors@1.0.1
206 silly currentTree ├── methods@1.1.2
206 silly currentTree ├── mime-db@1.44.0
206 silly currentTree ├── mime-types@2.1.27
206 silly currentTree ├── mime@1.3.4
206 silly currentTree ├── minimalistic-assert@1.0.1
206 silly currentTree ├── minimalistic-crypto-utils@1.0.1
206 silly currentTree ├── minimatch@3.0.4
206 silly currentTree ├── minimist@0.0.8
206 silly currentTree ├── mkdirp@0.5.1
206 silly currentTree ├─┬ mocha-parallel-tests@1.2.10
206 silly currentTree │ ├── camelcase@3.0.0
206 silly currentTree │ ├── debug@2.6.3
206 silly currentTree │ ├── ms@0.7.2
206 silly currentTree │ └── yargs@7.0.2
206 silly currentTree ├─┬ mocha@3.5.3
206 silly currentTree │ ├── debug@2.6.8
206 silly currentTree │ └── glob@7.1.1
206 silly currentTree ├── moment@2.25.2
206 silly currentTree ├── ms@2.0.0
206 silly currentTree ├── nan@2.14.1
206 silly currentTree ├─┬ nconf@0.8.5
206 silly currentTree │ └── async@1.5.2
206 silly currentTree ├── negotiator@0.5.3
206 silly currentTree ├── node-dir@0.1.17
206 silly currentTree ├── node.extend@1.1.8
206 silly currentTree ├── normalize-package-data@2.5.0
206 silly currentTree ├── number-is-nan@1.0.1
206 silly currentTree ├── object-assign@4.1.1
206 silly currentTree ├── on-finished@2.3.0
206 silly currentTree ├── on-headers@1.0.2
206 silly currentTree ├── once@1.4.0
206 silly currentTree ├── optjs@3.2.2
206 silly currentTree ├── os-locale@1.4.0
206 silly currentTree ├── os@0.1.1
206 silly currentTree ├── parse-json@2.2.0
206 silly currentTree ├── parseurl@1.3.3
206 silly currentTree ├── passport-local@1.0.0
206 silly currentTree ├── passport-strategy@1.0.0
206 silly currentTree ├── passport@0.3.2
206 silly currentTree ├── path-exists@2.1.0
206 silly currentTree ├── path-is-absolute@1.0.1
206 silly currentTree ├── path-parse@1.0.6
206 silly currentTree ├── path-to-regexp@0.1.7
206 silly currentTree ├── path-type@1.1.0
206 silly currentTree ├── path@0.12.7
206 silly currentTree ├── pause@0.0.1
206 silly currentTree ├── pify@2.3.0
206 silly currentTree ├── pinkie-promise@2.0.1
206 silly currentTree ├── pinkie@2.0.4
206 silly currentTree ├── pkcs11js@1.0.21
206 silly currentTree ├── pkijs@1.3.33
206 silly currentTree ├── ports@1.1.0
206 silly currentTree ├── process-nextick-args@2.0.1
206 silly currentTree ├── process@0.11.10
206 silly currentTree ├── promise-settle@0.3.0
206 silly currentTree ├── protobufjs@5.0.3
206 silly currentTree ├── proxy-addr@1.0.10
206 silly currentTree ├── punycode@1.3.2
206 silly currentTree ├── qs@6.7.0
206 silly currentTree ├── querystring@0.2.0
206 silly currentTree ├── random-bytes@1.0.0
206 silly currentTree ├── range-parser@1.0.3
206 silly currentTree ├── raw-body@2.4.0
206 silly currentTree ├── read-pkg-up@1.0.1
206 silly currentTree ├── read-pkg@1.1.0
206 silly currentTree ├─┬ readable-stream@2.3.7
206 silly currentTree │ └── safe-buffer@5.1.2
206 silly currentTree ├── require-directory@2.1.1
206 silly currentTree ├── require-main-filename@1.0.1
206 silly currentTree ├── resolve@1.17.0
206 silly currentTree ├── rimraf@2.7.1
206 silly currentTree ├── safe-buffer@5.2.0
206 silly currentTree ├── safer-buffer@2.1.2
206 silly currentTree ├── secure-keys@1.0.0
206 silly currentTree ├── semver@5.7.1
206 silly currentTree ├─┬ send@0.13.1
206 silly currentTree │ ├── debug@2.2.0
206 silly currentTree │ ├── http-errors@1.3.1
206 silly currentTree │ ├── ms@0.7.1
206 silly currentTree │ └── statuses@1.2.1
206 silly currentTree ├─┬ serve-static@1.10.3
206 silly currentTree │ ├── debug@2.2.0
206 silly currentTree │ ├── http-errors@1.3.1
206 silly currentTree │ ├── ms@0.7.1
206 silly currentTree │ ├── send@0.13.2
206 silly currentTree │ └── statuses@1.2.1
206 silly currentTree ├── set-blocking@2.0.0
206 silly currentTree ├── setprototypeof@1.1.1
206 silly currentTree ├── sjcl-codec@0.1.1
206 silly currentTree ├── sjcl@1.0.3
206 silly currentTree ├── sleep@3.0.1
206 silly currentTree ├── spdx-correct@3.1.0
206 silly currentTree ├── spdx-exceptions@2.3.0
206 silly currentTree ├── spdx-expression-parse@3.0.0
206 silly currentTree ├── spdx-license-ids@3.0.5
206 silly currentTree ├── sprintf-js@1.0.3
206 silly currentTree ├── stack-trace@0.0.10
206 silly currentTree ├── statuses@1.5.0
206 silly currentTree ├── stream-buffers@3.0.1
206 silly currentTree ├─┬ string_decoder@1.1.1
206 silly currentTree │ └── safe-buffer@5.1.2
206 silly currentTree ├── string-width@1.0.2
206 silly currentTree ├── strip-ansi@3.0.1
206 silly currentTree ├── strip-bom@2.0.0
206 silly currentTree ├── superagent@2.3.0
206 silly currentTree ├── supports-color@3.1.2
206 silly currentTree ├── tar-stream@1.5.2
206 silly currentTree ├── toidentifier@1.0.0
206 silly currentTree ├── type-detect@1.0.0
206 silly currentTree ├── type-is@1.6.18
206 silly currentTree ├── uid-safe@2.1.5
206 silly currentTree ├── ultron@1.1.1
206 silly currentTree ├── underscore@1.8.3
206 silly currentTree ├── unpipe@1.0.0
206 silly currentTree ├── url@0.11.0
206 silly currentTree ├── util-deprecate@1.0.2
206 silly currentTree ├── util@0.10.4
206 silly currentTree ├── utils-merge@1.0.0
206 silly currentTree ├── validate-npm-package-license@3.0.4
206 silly currentTree ├── vary@1.0.1
206 silly currentTree ├── which-module@1.0.0
206 silly currentTree ├── window-size@0.1.4
206 silly currentTree ├─┬ winston@2.4.4
206 silly currentTree │ └── async@1.0.0
206 silly currentTree ├── wrap-ansi@2.1.0
206 silly currentTree ├── wrappy@1.0.2
206 silly currentTree ├─┬ ws@2.3.1
206 silly currentTree │ └── safe-buffer@5.0.1
206 silly currentTree ├── xtend@4.0.2
206 silly currentTree ├── y18n@3.2.1
206 silly currentTree ├─┬ yargs-parser@5.0.0
206 silly currentTree │ └── camelcase@3.0.0
206 silly currentTree └── yargs@3.32.0
207 silly idealTree aciptance@0.0.1
207 silly idealTree ├── accepts@1.2.13
207 silly idealTree ├── aes-js@1.0.0
207 silly idealTree ├── ansi-regex@2.1.1
207 silly idealTree ├── argparse@1.0.10
207 silly idealTree ├── arguejs@0.2.3
207 silly idealTree ├── array-flatten@1.1.1
207 silly idealTree ├── ascli@1.0.1
207 silly idealTree ├── asn1@0.2.4
207 silly idealTree ├── asn1js@1.2.12
207 silly idealTree ├─┬ assert@1.5.0
207 silly idealTree │ ├── inherits@2.0.1
207 silly idealTree │ └── util@0.10.3
207 silly idealTree ├── assertion-error@1.1.0
207 silly idealTree ├── async@2.6.3
207 silly idealTree ├── balanced-match@1.0.0
207 silly idealTree ├── bl@1.2.2
207 silly idealTree ├── bn.js@4.11.8
207 silly idealTree ├── body-parser@1.19.0
207 silly idealTree ├── brace-expansion@1.1.11
207 silly idealTree ├── brorand@1.1.0
207 silly idealTree ├── browser-stdout@1.3.0
207 silly idealTree ├── bytebuffer@5.0.1
207 silly idealTree ├── bytes@3.1.0
207 silly idealTree ├── callsite@1.0.0
207 silly idealTree ├── camelcase@2.1.1
207 silly idealTree ├── cfenv@1.0.4
207 silly idealTree ├── chai-http@3.0.0
207 silly idealTree ├── chai@3.5.0
207 silly idealTree ├── cliui@3.2.0
207 silly idealTree ├── code-point-at@1.1.0
207 silly idealTree ├── colors@1.0.3
207 silly idealTree ├── colour@0.7.1
207 silly idealTree ├── combined-stream@1.0.8
207 silly idealTree ├── commander@2.9.0
207 silly idealTree ├── component-emitter@1.3.0
207 silly idealTree ├── concat-map@0.0.1
207 silly idealTree ├── content-disposition@0.5.1
207 silly idealTree ├── content-type@1.0.4
207 silly idealTree ├── cookie-parser@1.4.5
207 silly idealTree ├── cookie-signature@1.0.6
207 silly idealTree ├── cookie@0.4.0
207 silly idealTree ├── cookiejar@2.0.6
207 silly idealTree ├── core-util-is@1.0.2
207 silly idealTree ├── crypto@0.0.3
207 silly idealTree ├── cycle@1.0.3
207 silly idealTree ├── debug@2.6.9
207 silly idealTree ├── decamelize@1.2.0
207 silly idealTree ├─┬ deep-eql@0.1.3
207 silly idealTree │ └── type-detect@0.1.1
207 silly idealTree ├── delayed-stream@1.0.0
207 silly idealTree ├── depd@1.1.2
207 silly idealTree ├── destroy@1.0.4
207 silly idealTree ├── diff@3.2.0
207 silly idealTree ├── ee-first@1.1.1
207 silly idealTree ├── ejs@2.7.4
207 silly idealTree ├── elliptic@6.5.2
207 silly idealTree ├── end-of-stream@1.4.4
207 silly idealTree ├── error-ex@1.3.2
207 silly idealTree ├── escape-html@1.0.3
207 silly idealTree ├── escape-string-regexp@1.0.5
207 silly idealTree ├── esprima@2.7.3
207 silly idealTree ├── etag@1.7.0
207 silly idealTree ├── events@1.1.1
207 silly idealTree ├─┬ express-session@1.17.1
207 silly idealTree │ └── depd@2.0.0
207 silly idealTree ├─┬ express@4.13.4
207 silly idealTree │ ├── cookie@0.1.5
207 silly idealTree │ ├── debug@2.2.0
207 silly idealTree │ ├── ms@0.7.1
207 silly idealTree │ └── qs@4.0.0
207 silly idealTree ├── extend@3.0.2
207 silly idealTree ├── eyes@0.1.8
207 silly idealTree ├── fabric-ca-client@1.0.0-alpha.0
207 silly idealTree ├─┬ fabric-client@1.0.0-alpha
207 silly idealTree │ ├── fs@0.0.2
207 silly idealTree │ └── jsrsasign@6.2.2
207 silly idealTree ├─┬ finalhandler@0.4.1
207 silly idealTree │ ├── debug@2.2.0
207 silly idealTree │ └── ms@0.7.1
207 silly idealTree ├── find-up@1.1.2
207 silly idealTree ├─┬ form-data@1.0.0-rc4
207 silly idealTree │ └── async@1.5.2
207 silly idealTree ├── formidable@1.2.2
207 silly idealTree ├── forwarded@0.1.2
207 silly idealTree ├── fresh@0.3.0
207 silly idealTree ├── fs-extra@0.30.0
207 silly idealTree ├── fs.realpath@1.0.0
207 silly idealTree ├── fs@0.0.1-security
207 silly idealTree ├── function-bind@1.1.1
207 silly idealTree ├── get-caller-file@1.0.3
207 silly idealTree ├── glob@7.1.6
207 silly idealTree ├── graceful-fs@4.2.4
207 silly idealTree ├── graceful-readlink@1.0.1
207 silly idealTree ├── growl@1.9.2
207 silly idealTree ├─┬ grpc@1.2.4
207 silly idealTree │ └─┬ node-pre-gyp@0.6.34
207 silly idealTree │   ├─┬ mkdirp@0.5.1
207 silly idealTree │   │ └── minimist@0.0.8
207 silly idealTree │   ├─┬ nopt@4.0.1
207 silly idealTree │   │ ├── abbrev@1.1.0
207 silly idealTree │   │ └─┬ osenv@0.1.4
207 silly idealTree │   │   ├── os-homedir@1.0.2
207 silly idealTree │   │   └── os-tmpdir@1.0.2
207 silly idealTree │   ├─┬ npmlog@4.0.2
207 silly idealTree │   │ ├─┬ are-we-there-yet@1.1.2
207 silly idealTree │   │ │ ├── delegates@1.0.0
207 silly idealTree │   │ │ └─┬ readable-stream@2.2.9
207 silly idealTree │   │ │   ├── buffer-shims@1.0.0
207 silly idealTree │   │ │   ├── core-util-is@1.0.2
207 silly idealTree │   │ │   ├── inherits@2.0.3
207 silly idealTree │   │ │   ├── isarray@1.0.0
207 silly idealTree │   │ │   ├── process-nextick-args@1.0.7
207 silly idealTree │   │ │   ├── string_decoder@1.0.0
207 silly idealTree │   │ │   └── util-deprecate@1.0.2
207 silly idealTree │   │ ├── console-control-strings@1.1.0
207 silly idealTree │   │ ├─┬ gauge@2.7.3
207 silly idealTree │   │ │ ├── aproba@1.1.1
207 silly idealTree │   │ │ ├── has-unicode@2.0.1
207 silly idealTree │   │ │ ├── object-assign@4.1.1
207 silly idealTree │   │ │ ├── signal-exit@3.0.2
207 silly idealTree │   │ │ ├─┬ string-width@1.0.2
207 silly idealTree │   │ │ │ ├── code-point-at@1.1.0
207 silly idealTree │   │ │ │ └─┬ is-fullwidth-code-point@1.0.0
207 silly idealTree │   │ │ │   └── number-is-nan@1.0.1
207 silly idealTree │   │ │ ├─┬ strip-ansi@3.0.1
207 silly idealTree │   │ │ │ └── ansi-regex@2.1.1
207 silly idealTree │   │ │ └── wide-align@1.1.0
207 silly idealTree │   │ └── set-blocking@2.0.0
207 silly idealTree │   ├─┬ rc@1.2.1
207 silly idealTree │   │ ├── deep-extend@0.4.1
207 silly idealTree │   │ ├── ini@1.3.4
207 silly idealTree │   │ ├── minimist@1.2.0
207 silly idealTree │   │ └── strip-json-comments@2.0.1
207 silly idealTree │   ├─┬ request@2.81.0
207 silly idealTree │   │ ├── aws-sign2@0.6.0
207 silly idealTree │   │ ├── aws4@1.6.0
207 silly idealTree │   │ ├── caseless@0.12.0
207 silly idealTree │   │ ├─┬ combined-stream@1.0.5
207 silly idealTree │   │ │ └── delayed-stream@1.0.0
207 silly idealTree │   │ ├── extend@3.0.0
207 silly idealTree │   │ ├── forever-agent@0.6.1
207 silly idealTree │   │ ├─┬ form-data@2.1.4
207 silly idealTree │   │ │ └── asynckit@0.4.0
207 silly idealTree │   │ ├─┬ har-validator@4.2.1
207 silly idealTree │   │ │ ├─┬ ajv@4.11.6
207 silly idealTree │   │ │ │ ├── co@4.6.0
207 silly idealTree │   │ │ │ └─┬ json-stable-stringify@1.0.1
207 silly idealTree │   │ │ │   └── jsonify@0.0.0
207 silly idealTree │   │ │ └── har-schema@1.0.5
207 silly idealTree │   │ ├─┬ hawk@3.1.3
207 silly idealTree │   │ │ ├── boom@2.10.1
207 silly idealTree │   │ │ ├── cryptiles@2.0.5
207 silly idealTree │   │ │ ├── hoek@2.16.3
207 silly idealTree │   │ │ └── sntp@1.0.9
207 silly idealTree │   │ ├─┬ http-signature@1.1.1
207 silly idealTree │   │ │ ├── assert-plus@0.2.0
207 silly idealTree │   │ │ ├─┬ jsprim@1.4.0
207 silly idealTree │   │ │ │ ├── assert-plus@1.0.0
207 silly idealTree │   │ │ │ ├── extsprintf@1.0.2
207 silly idealTree │   │ │ │ ├── json-schema@0.2.3
207 silly idealTree │   │ │ │ └── verror@1.3.6
207 silly idealTree │   │ │ └─┬ sshpk@1.11.0
207 silly idealTree │   │ │   ├── asn1@0.2.3
207 silly idealTree │   │ │   ├── assert-plus@1.0.0
207 silly idealTree │   │ │   ├── bcrypt-pbkdf@1.0.1
207 silly idealTree │   │ │   ├── dashdash@1.14.1
207 silly idealTree │   │ │   ├── ecc-jsbn@0.1.1
207 silly idealTree │   │ │   ├── getpass@0.1.6
207 silly idealTree │   │ │   ├── jodid25519@1.0.2
207 silly idealTree │   │ │   ├── jsbn@0.1.1
207 silly idealTree │   │ │   └── tweetnacl@0.14.5
207 silly idealTree │   │ ├── is-typedarray@1.0.0
207 silly idealTree │   │ ├── isstream@0.1.2
207 silly idealTree │   │ ├── json-stringify-safe@5.0.1
207 silly idealTree │   │ ├─┬ mime-types@2.1.15
207 silly idealTree │   │ │ └── mime-db@1.27.0
207 silly idealTree │   │ ├── oauth-sign@0.8.2
207 silly idealTree │   │ ├── performance-now@0.2.0
207 silly idealTree │   │ ├── qs@6.4.0
207 silly idealTree │   │ ├── safe-buffer@5.0.1
207 silly idealTree │   │ ├── stringstream@0.0.5
207 silly idealTree │   │ ├─┬ tough-cookie@2.3.2
207 silly idealTree │   │ │ └── punycode@1.4.1
207 silly idealTree │   │ ├── tunnel-agent@0.6.0
207 silly idealTree │   │ └── uuid@3.0.1
207 silly idealTree │   ├─┬ rimraf@2.6.1
207 silly idealTree │   │ └─┬ glob@7.1.1
207 silly idealTree │   │   ├── fs.realpath@1.0.0
207 silly idealTree │   │   ├─┬ inflight@1.0.6
207 silly idealTree │   │   │ └── wrappy@1.0.2
207 silly idealTree │   │   ├── inherits@2.0.3
207 silly idealTree │   │   ├─┬ minimatch@3.0.3
207 silly idealTree │   │   │ └─┬ brace-expansion@1.1.7
207 silly idealTree │   │   │   ├── balanced-match@0.4.2
207 silly idealTree │   │   │   └── concat-map@0.0.1
207 silly idealTree │   │   ├─┬ once@1.4.0
207 silly idealTree │   │   │ └── wrappy@1.0.2
207 silly idealTree │   │   └── path-is-absolute@1.0.1
207 silly idealTree │   ├── semver@5.3.0
207 silly idealTree │   ├─┬ tar-pack@3.4.0
207 silly idealTree │   │ ├─┬ debug@2.6.3
207 silly idealTree │   │ │ └── ms@0.7.2
207 silly idealTree │   │ ├─┬ fstream-ignore@1.0.5
207 silly idealTree │   │ │ ├── inherits@2.0.3
207 silly idealTree │   │ │ └─┬ minimatch@3.0.3
207 silly idealTree │   │ │   └─┬ brace-expansion@1.1.7
207 silly idealTree │   │ │     ├── balanced-match@0.4.2
207 silly idealTree │   │ │     └── concat-map@0.0.1
207 silly idealTree │   │ ├─┬ fstream@1.0.11
207 silly idealTree │   │ │ ├── graceful-fs@4.1.11
207 silly idealTree │   │ │ └── inherits@2.0.3
207 silly idealTree │   │ ├─┬ once@1.4.0
207 silly idealTree │   │ │ └── wrappy@1.0.2
207 silly idealTree │   │ ├─┬ readable-stream@2.2.9
207 silly idealTree │   │ │ ├── buffer-shims@1.0.0
207 silly idealTree │   │ │ ├── core-util-is@1.0.2
207 silly idealTree │   │ │ ├── inherits@2.0.3
207 silly idealTree │   │ │ ├── isarray@1.0.0
207 silly idealTree │   │ │ ├── process-nextick-args@1.0.7
207 silly idealTree │   │ │ ├── string_decoder@1.0.0
207 silly idealTree │   │ │ └── util-deprecate@1.0.2
207 silly idealTree │   │ └── uid-number@0.0.6
207 silly idealTree │   └─┬ tar@2.2.1
207 silly idealTree │     ├── block-stream@0.0.9
207 silly idealTree │     ├─┬ fstream@1.0.11
207 silly idealTree │     │ └── graceful-fs@4.1.11
207 silly idealTree │     └── inherits@2.0.3
207 silly idealTree ├── has-flag@1.0.0
207 silly idealTree ├── has@1.0.3
207 silly idealTree ├── hash.js@1.1.7
207 silly idealTree ├─┬ hashtable@2.0.2
207 silly idealTree │ └── nan@2.14.1
207 silly idealTree ├── he@1.1.1
207 silly idealTree ├── hmac-drbg@1.0.1
207 silly idealTree ├── hosted-git-info@2.8.8
207 silly idealTree ├── http-errors@1.7.2
207 silly idealTree ├── iconv-lite@0.4.24
207 silly idealTree ├── inflight@1.0.6
207 silly idealTree ├── inherits@2.0.3
207 silly idealTree ├── ini@1.3.5
207 silly idealTree ├── invert-kv@1.0.0
207 silly idealTree ├── ip-regex@1.0.3
207 silly idealTree ├── ipaddr.js@1.0.5
207 silly idealTree ├── is-arrayish@0.2.1
207 silly idealTree ├── is-fullwidth-code-point@1.0.0
207 silly idealTree ├── is-ip@1.0.0
207 silly idealTree ├── is-utf8@0.2.1
207 silly idealTree ├── is@3.3.0
207 silly idealTree ├── isarray@1.0.0
207 silly idealTree ├── isstream@0.1.2
207 silly idealTree ├── js-sha3@0.5.7
207 silly idealTree ├── js-yaml@3.7.0
207 silly idealTree ├── json-stringify-safe@5.0.1
207 silly idealTree ├── json3@3.3.2
207 silly idealTree ├── jsonfile@2.4.0
207 silly idealTree ├── jsrsasign@6.2.3
207 silly idealTree ├── jssha@2.4.2
207 silly idealTree ├── klaw@1.3.1
207 silly idealTree ├── lcid@1.0.0
207 silly idealTree ├── load-json-file@1.1.0
207 silly idealTree ├── lodash._baseassign@3.2.0
207 silly idealTree ├── lodash._basecopy@3.0.1
207 silly idealTree ├── lodash._basecreate@3.0.3
207 silly idealTree ├── lodash._getnative@3.9.1
207 silly idealTree ├── lodash._isiterateecall@3.0.9
207 silly idealTree ├── lodash.create@3.1.1
207 silly idealTree ├── lodash.isarguments@3.1.0
207 silly idealTree ├── lodash.isarray@3.0.4
207 silly idealTree ├── lodash.keys@3.1.2
207 silly idealTree ├── lodash@4.17.15
207 silly idealTree ├── long@3.2.0
207 silly idealTree ├── media-typer@0.3.0
207 silly idealTree ├── merge-descriptors@1.0.1
207 silly idealTree ├── methods@1.1.2
207 silly idealTree ├── mime-db@1.44.0
207 silly idealTree ├── mime-types@2.1.27
207 silly idealTree ├── mime@1.3.4
207 silly idealTree ├── minimalistic-assert@1.0.1
207 silly idealTree ├── minimalistic-crypto-utils@1.0.1
207 silly idealTree ├── minimatch@3.0.4
207 silly idealTree ├── minimist@0.0.8
207 silly idealTree ├── mkdirp@0.5.1
207 silly idealTree ├─┬ mocha-parallel-tests@1.2.10
207 silly idealTree │ ├── camelcase@3.0.0
207 silly idealTree │ ├── debug@2.6.3
207 silly idealTree │ ├── ms@0.7.2
207 silly idealTree │ └── yargs@7.0.2
207 silly idealTree ├─┬ mocha@3.5.3
207 silly idealTree │ ├── debug@2.6.8
207 silly idealTree │ └── glob@7.1.1
207 silly idealTree ├── moment@2.25.2
207 silly idealTree ├── ms@2.0.0
207 silly idealTree ├── nan@2.14.1
207 silly idealTree ├─┬ nconf@0.8.5
207 silly idealTree │ └── async@1.5.2
207 silly idealTree ├── negotiator@0.5.3
207 silly idealTree ├── node-dir@0.1.17
207 silly idealTree ├── node.extend@1.1.8
207 silly idealTree ├── normalize-package-data@2.5.0
207 silly idealTree ├── number-is-nan@1.0.1
207 silly idealTree ├── object-assign@4.1.1
207 silly idealTree ├── on-finished@2.3.0
207 silly idealTree ├── on-headers@1.0.2
207 silly idealTree ├── once@1.4.0
207 silly idealTree ├── optjs@3.2.2
207 silly idealTree ├── os-locale@1.4.0
207 silly idealTree ├── os@0.1.1
207 silly idealTree ├── parse-json@2.2.0
207 silly idealTree ├── parseurl@1.3.3
207 silly idealTree ├── passport-local@1.0.0
207 silly idealTree ├── passport-strategy@1.0.0
207 silly idealTree ├── passport@0.3.2
207 silly idealTree ├── path-exists@2.1.0
207 silly idealTree ├── path-is-absolute@1.0.1
207 silly idealTree ├── path-parse@1.0.6
207 silly idealTree ├── path-to-regexp@0.1.7
207 silly idealTree ├── path-type@1.1.0
207 silly idealTree ├── path@0.12.7
207 silly idealTree ├── pause@0.0.1
207 silly idealTree ├── pify@2.3.0
207 silly idealTree ├── pinkie-promise@2.0.1
207 silly idealTree ├── pinkie@2.0.4
207 silly idealTree ├── pkcs11js@1.0.21
207 silly idealTree ├── pkijs@1.3.33
207 silly idealTree ├── ports@1.1.0
207 silly idealTree ├── process-nextick-args@2.0.1
207 silly idealTree ├── process@0.11.10
207 silly idealTree ├── promise-settle@0.3.0
207 silly idealTree ├── protobufjs@5.0.3
207 silly idealTree ├── proxy-addr@1.0.10
207 silly idealTree ├── punycode@1.3.2
207 silly idealTree ├── qs@6.7.0
207 silly idealTree ├── querystring@0.2.0
207 silly idealTree ├── random-bytes@1.0.0
207 silly idealTree ├── range-parser@1.0.3
207 silly idealTree ├── raw-body@2.4.0
207 silly idealTree ├── read-pkg-up@1.0.1
207 silly idealTree ├── read-pkg@1.1.0
207 silly idealTree ├─┬ readable-stream@2.3.7
207 silly idealTree │ └── safe-buffer@5.1.2
207 silly idealTree ├── require-directory@2.1.1
207 silly idealTree ├── require-main-filename@1.0.1
207 silly idealTree ├── resolve@1.17.0
207 silly idealTree ├── rimraf@2.7.1
207 silly idealTree ├── safe-buffer@5.2.0
207 silly idealTree ├── safer-buffer@2.1.2
207 silly idealTree ├── secure-keys@1.0.0
207 silly idealTree ├── semver@5.7.1
207 silly idealTree ├─┬ send@0.13.1
207 silly idealTree │ ├── debug@2.2.0
207 silly idealTree │ ├── http-errors@1.3.1
207 silly idealTree │ ├── ms@0.7.1
207 silly idealTree │ └── statuses@1.2.1
207 silly idealTree ├─┬ serve-static@1.10.3
207 silly idealTree │ ├── debug@2.2.0
207 silly idealTree │ ├── http-errors@1.3.1
207 silly idealTree │ ├── ms@0.7.1
207 silly idealTree │ ├── send@0.13.2
207 silly idealTree │ └── statuses@1.2.1
207 silly idealTree ├── set-blocking@2.0.0
207 silly idealTree ├── setprototypeof@1.1.1
207 silly idealTree ├── sjcl-codec@0.1.1
207 silly idealTree ├── sjcl@1.0.3
207 silly idealTree ├── sleep@3.0.1
207 silly idealTree ├── spdx-correct@3.1.0
207 silly idealTree ├── spdx-exceptions@2.3.0
207 silly idealTree ├── spdx-expression-parse@3.0.0
207 silly idealTree ├── spdx-license-ids@3.0.5
207 silly idealTree ├── sprintf-js@1.0.3
207 silly idealTree ├── stack-trace@0.0.10
207 silly idealTree ├── statuses@1.5.0
207 silly idealTree ├── stream-buffers@3.0.1
207 silly idealTree ├─┬ string_decoder@1.1.1
207 silly idealTree │ └── safe-buffer@5.1.2
207 silly idealTree ├── string-width@1.0.2
207 silly idealTree ├── strip-ansi@3.0.1
207 silly idealTree ├── strip-bom@2.0.0
207 silly idealTree ├── superagent@2.3.0
207 silly idealTree ├── supports-color@3.1.2
207 silly idealTree ├── tar-stream@1.5.2
207 silly idealTree ├── toidentifier@1.0.0
207 silly idealTree ├── type-detect@1.0.0
207 silly idealTree ├── type-is@1.6.18
207 silly idealTree ├── uid-safe@2.1.5
207 silly idealTree ├── ultron@1.1.1
207 silly idealTree ├── underscore@1.8.3
207 silly idealTree ├── unpipe@1.0.0
207 silly idealTree ├── url@0.11.0
207 silly idealTree ├── util-deprecate@1.0.2
207 silly idealTree ├── util@0.10.4
207 silly idealTree ├── utils-merge@1.0.0
207 silly idealTree ├── validate-npm-package-license@3.0.4
207 silly idealTree ├── vary@1.0.1
207 silly idealTree ├── which-module@1.0.0
207 silly idealTree ├── window-size@0.1.4
207 silly idealTree ├─┬ winston@2.4.4
207 silly idealTree │ └── async@1.0.0
207 silly idealTree ├── wrap-ansi@2.1.0
207 silly idealTree ├── wrappy@1.0.2
207 silly idealTree ├─┬ ws@2.3.1
207 silly idealTree │ └── safe-buffer@5.0.1
207 silly idealTree ├── xtend@4.0.2
207 silly idealTree ├── y18n@3.2.1
207 silly idealTree ├─┬ yargs-parser@5.0.0
207 silly idealTree │ └── camelcase@3.0.0
207 silly idealTree └── yargs@3.32.0
208 silly generateActionsToTake Starting
209 silly install generateActionsToTake
210 silly generateActionsToTake Finishing
211 silly diffTrees action count 5
212 silly diffTrees add fs@0.0.2
213 silly diffTrees add jsrsasign@6.2.2
214 silly diffTrees add nan@2.14.1
215 silly diffTrees add hashtable@2.0.2
216 silly diffTrees add fabric-client@1.0.0-alpha
217 silly decomposeActions action count 40
218 silly decomposeActions fetch fs@0.0.2
219 silly decomposeActions extract fs@0.0.2
220 silly decomposeActions test fs@0.0.2
221 silly decomposeActions preinstall fs@0.0.2
222 silly decomposeActions build fs@0.0.2
223 silly decomposeActions install fs@0.0.2
224 silly decomposeActions postinstall fs@0.0.2
225 silly decomposeActions finalize fs@0.0.2
226 silly decomposeActions fetch jsrsasign@6.2.2
227 silly decomposeActions extract jsrsasign@6.2.2
228 silly decomposeActions test jsrsasign@6.2.2
229 silly decomposeActions preinstall jsrsasign@6.2.2
230 silly decomposeActions build jsrsasign@6.2.2
231 silly decomposeActions install jsrsasign@6.2.2
232 silly decomposeActions postinstall jsrsasign@6.2.2
233 silly decomposeActions finalize jsrsasign@6.2.2
234 silly decomposeActions fetch nan@2.14.1
235 silly decomposeActions extract nan@2.14.1
236 silly decomposeActions test nan@2.14.1
237 silly decomposeActions preinstall nan@2.14.1
238 silly decomposeActions build nan@2.14.1
239 silly decomposeActions install nan@2.14.1
240 silly decomposeActions postinstall nan@2.14.1
241 silly decomposeActions finalize nan@2.14.1
242 silly decomposeActions fetch hashtable@2.0.2
243 silly decomposeActions extract hashtable@2.0.2
244 silly decomposeActions test hashtable@2.0.2
245 silly decomposeActions preinstall hashtable@2.0.2
246 silly decomposeActions build hashtable@2.0.2
247 silly decomposeActions install hashtable@2.0.2
248 silly decomposeActions postinstall hashtable@2.0.2
249 silly decomposeActions finalize hashtable@2.0.2
250 silly decomposeActions fetch fabric-client@1.0.0-alpha
251 silly decomposeActions extract fabric-client@1.0.0-alpha
252 silly decomposeActions test fabric-client@1.0.0-alpha
253 silly decomposeActions preinstall fabric-client@1.0.0-alpha
254 silly decomposeActions build fabric-client@1.0.0-alpha
255 silly decomposeActions install fabric-client@1.0.0-alpha
256 silly decomposeActions postinstall fabric-client@1.0.0-alpha
257 silly decomposeActions finalize fabric-client@1.0.0-alpha
258 silly runTopLevelLifecycles Starting
259 silly install runPreinstallTopLevelLifecycles
260 silly preinstall aciptance@0.0.1 /Users/arthurmsouza/Developer/workspace/boleto/boleto-acciptance/aciptance-5e659a48
261 info lifecycle aciptance@0.0.1~preinstall: aciptance@0.0.1
262 silly lifecycle aciptance@0.0.1~preinstall: no script for preinstall, continuing
263 silly executeActions Starting
264 silly install executeActions
265 silly doSerial global-install 0
266 silly doParallel fetch 5
267 verbose correctMkdir /Users/arthurmsouza/.npm/_locks correctMkdir not in flight; initializing
268 verbose lock using /Users/arthurmsouza/.npm/_locks/staging-d6ee9f646f15ae55.lock for /Users/arthurmsouza/Developer/workspace/boleto/boleto-acciptance/node_modules/.staging
269 silly doParallel extract 5
270 silly extract fs@0.0.2
271 silly extract jsrsasign@6.2.2
272 silly extract nan@2.14.1
273 silly extract hashtable@2.0.2
274 silly extract fabric-client@1.0.0-alpha
275 verbose unbuild node_modules/.staging/fs-90c903cd
276 verbose unbuild node_modules/.staging/nan-8cb78400
277 verbose unbuild node_modules/.staging/hashtable-50cc8337
278 verbose unbuild node_modules/.staging/jsrsasign-329c0186
279 verbose unbuild node_modules/.staging/fabric-client-e7d29a25
280 silly gentlyRm /Users/arthurmsouza/Developer/workspace/boleto/boleto-acciptance/node_modules/.staging/fs-90c903cd is being purged from base /Users/arthurmsouza/Developer/workspace/boleto/boleto-acciptance
281 verbose gentlyRm don't care about contents; nuking /Users/arthurmsouza/Developer/workspace/boleto/boleto-acciptance/node_modules/.staging/fs-90c903cd
282 silly gentlyRm /Users/arthurmsouza/Developer/workspace/boleto/boleto-acciptance/node_modules/.staging/nan-8cb78400 is being purged from base /Users/arthurmsouza/Developer/workspace/boleto/boleto-acciptance
283 verbose gentlyRm don't care about contents; nuking /Users/arthurmsouza/Developer/workspace/boleto/boleto-acciptance/node_modules/.staging/nan-8cb78400
284 silly gentlyRm /Users/arthurmsouza/Developer/workspace/boleto/boleto-acciptance/node_modules/.staging/hashtable-50cc8337 is being purged from base /Users/arthurmsouza/Developer/workspace/boleto/boleto-acciptance
285 verbose gentlyRm don't care about contents; nuking /Users/arthurmsouza/Developer/workspace/boleto/boleto-acciptance/node_modules/.staging/hashtable-50cc8337
286 silly gentlyRm /Users/arthurmsouza/Developer/workspace/boleto/boleto-acciptance/node_modules/.staging/jsrsasign-329c0186 is being purged from base /Users/arthurmsouza/Developer/workspace/boleto/boleto-acciptance
287 verbose gentlyRm don't care about contents; nuking /Users/arthurmsouza/Developer/workspace/boleto/boleto-acciptance/node_modules/.staging/jsrsasign-329c0186
288 silly gentlyRm /Users/arthurmsouza/Developer/workspace/boleto/boleto-acciptance/node_modules/.staging/fabric-client-e7d29a25 is being purged from base /Users/arthurmsouza/Developer/workspace/boleto/boleto-acciptance
289 verbose gentlyRm don't care about contents; nuking /Users/arthurmsouza/Developer/workspace/boleto/boleto-acciptance/node_modules/.staging/fabric-client-e7d29a25
290 verbose tar unpack /Users/arthurmsouza/.npm/fs/0.0.2/package.tgz
291 verbose tar unpacking to /Users/arthurmsouza/Developer/workspace/boleto/boleto-acciptance/node_modules/.staging/fs-90c903cd
292 silly gentlyRm /Users/arthurmsouza/Developer/workspace/boleto/boleto-acciptance/node_modules/.staging/fs-90c903cd is being purged
293 verbose gentlyRm don't care about contents; nuking /Users/arthurmsouza/Developer/workspace/boleto/boleto-acciptance/node_modules/.staging/fs-90c903cd
294 verbose tar unpack /Users/arthurmsouza/.npm/nan/2.14.1/package.tgz
295 verbose tar unpacking to /Users/arthurmsouza/Developer/workspace/boleto/boleto-acciptance/node_modules/.staging/nan-8cb78400
296 silly gentlyRm /Users/arthurmsouza/Developer/workspace/boleto/boleto-acciptance/node_modules/.staging/nan-8cb78400 is being purged
297 verbose gentlyRm don't care about contents; nuking /Users/arthurmsouza/Developer/workspace/boleto/boleto-acciptance/node_modules/.staging/nan-8cb78400
298 verbose tar unpack /Users/arthurmsouza/.npm/hashtable/2.0.2/package.tgz
299 verbose tar unpacking to /Users/arthurmsouza/Developer/workspace/boleto/boleto-acciptance/node_modules/.staging/hashtable-50cc8337
300 silly gentlyRm /Users/arthurmsouza/Developer/workspace/boleto/boleto-acciptance/node_modules/.staging/hashtable-50cc8337 is being purged
301 verbose gentlyRm don't care about contents; nuking /Users/arthurmsouza/Developer/workspace/boleto/boleto-acciptance/node_modules/.staging/hashtable-50cc8337
302 verbose tar unpack /Users/arthurmsouza/.npm/jsrsasign/6.2.2/package.tgz
303 verbose tar unpacking to /Users/arthurmsouza/Developer/workspace/boleto/boleto-acciptance/node_modules/.staging/jsrsasign-329c0186
304 silly gentlyRm /Users/arthurmsouza/Developer/workspace/boleto/boleto-acciptance/node_modules/.staging/jsrsasign-329c0186 is being purged
305 verbose gentlyRm don't care about contents; nuking /Users/arthurmsouza/Developer/workspace/boleto/boleto-acciptance/node_modules/.staging/jsrsasign-329c0186
306 verbose tar unpack /Users/arthurmsouza/.npm/fabric-client/1.0.0-alpha/package.tgz
307 verbose tar unpacking to /Users/arthurmsouza/Developer/workspace/boleto/boleto-acciptance/node_modules/.staging/fabric-client-e7d29a25
308 silly gentlyRm /Users/arthurmsouza/Developer/workspace/boleto/boleto-acciptance/node_modules/.staging/fabric-client-e7d29a25 is being purged
309 verbose gentlyRm don't care about contents; nuking /Users/arthurmsouza/Developer/workspace/boleto/boleto-acciptance/node_modules/.staging/fabric-client-e7d29a25
310 silly gunzTarPerm modes [ '755', '644' ]
311 silly gunzTarPerm modes [ '755', '644' ]
312 silly gunzTarPerm modes [ '755', '644' ]
313 silly gunzTarPerm modes [ '755', '644' ]
314 silly gunzTarPerm modes [ '755', '644' ]
315 silly gunzTarPerm extractEntry package.json
316 silly gunzTarPerm extractEntry package.json
317 silly gunzTarPerm modified mode [ 'package.json', 436, 420 ]
318 silly gunzTarPerm extractEntry package.json
319 silly gunzTarPerm extractEntry package.json
320 silly gunzTarPerm extractEntry package.json
321 silly gunzTarPerm modified mode [ 'package.json', 436, 420 ]
322 silly gunzTarPerm extractEntry index.js
323 silly gunzTarPerm extractEntry CHANGELOG.md
324 silly gunzTarPerm modified mode [ 'CHANGELOG.md', 436, 420 ]
325 silly gunzTarPerm extractEntry .npmignore
326 silly gunzTarPerm extractEntry README.md
327 silly gunzTarPerm extractEntry README.md
328 silly gunzTarPerm extractEntry Makefile
329 silly gunzTarPerm extractEntry README.md
330 silly gunzTarPerm modified mode [ 'README.md', 436, 420 ]
331 silly gunzTarPerm extractEntry index.js
332 silly gunzTarPerm modified mode [ 'index.js', 436, 420 ]
333 silly gunzTarPerm extractEntry include_dirs.js
334 silly gunzTarPerm modified mode [ 'include_dirs.js', 436, 420 ]
335 silly gunzTarPerm extractEntry LICENSE.md
336 silly gunzTarPerm modified mode [ 'LICENSE.md', 436, 420 ]
337 silly gunzTarPerm extractEntry nan_callbacks_12_inl.h
338 silly gunzTarPerm modified mode [ 'nan_callbacks_12_inl.h', 436, 420 ]
339 silly gunzTarPerm extractEntry nan_callbacks_pre_12_inl.h
340 silly gunzTarPerm modified mode [ 'nan_callbacks_pre_12_inl.h', 436, 420 ]
341 silly gunzTarPerm extractEntry LICENSE
342 silly gunzTarPerm extractEntry index.js
343 silly gunzTarPerm extractEntry lib/footer.js
344 silly gunzTarPerm extractEntry lib/header.js
345 silly gunzTarPerm extractEntry config/default.json
346 silly gunzTarPerm modified mode [ 'config/default.json', 436, 420 ]
347 silly gunzTarPerm extractEntry lib/Chain.js
348 silly gunzTarPerm modified mode [ 'lib/Chain.js', 436, 420 ]
349 silly gunzTarPerm extractEntry nan_callbacks.h
350 silly gunzTarPerm modified mode [ 'nan_callbacks.h', 436, 420 ]
351 silly gunzTarPerm extractEntry .travis.yml
352 silly gunzTarPerm extractEntry src/hashtable.cpp
353 silly gunzTarPerm extractEntry lib/jsrsasign.js
354 silly gunzTarPerm extractEntry lib/EventHub.js
355 silly gunzTarPerm modified mode [ 'lib/EventHub.js', 436, 420 ]
356 silly gunzTarPerm extractEntry nan_converters_43_inl.h
357 silly gunzTarPerm modified mode [ 'nan_converters_43_inl.h', 436, 420 ]
358 silly gunzTarPerm extractEntry nan_converters_pre_43_inl.h
359 silly gunzTarPerm modified mode [ 'nan_converters_pre_43_inl.h', 436, 420 ]
360 silly gunzTarPerm extractEntry lib/lib.js
361 silly gentlyRm /Users/arthurmsouza/Developer/workspace/boleto/boleto-acciptance/node_modules/.staging/fs-90c903cd/node_modules is being purged
362 verbose gentlyRm don't care about contents; nuking /Users/arthurmsouza/Developer/workspace/boleto/boleto-acciptance/node_modules/.staging/fs-90c903cd/node_modules
363 silly gunzTarPerm extractEntry src/hashtable.h
364 silly gunzTarPerm extractEntry lib/Orderer.js
365 silly gunzTarPerm modified mode [ 'lib/Orderer.js', 436, 420 ]
366 silly gunzTarPerm extractEntry lib/Packager.js
367 silly gunzTarPerm modified mode [ 'lib/Packager.js', 436, 420 ]
368 silly gunzTarPerm extractEntry nan_converters.h
369 silly gunzTarPerm modified mode [ 'nan_converters.h', 436, 420 ]
370 silly gunzTarPerm extractEntry nan_define_own_property_helper.h
371 silly gunzTarPerm modified mode [ 'nan_define_own_property_helper.h', 436, 420 ]
372 silly gunzTarPerm extractEntry src/v8_value_hasher.h
373 silly gunzTarPerm extractEntry binding.gyp
374 silly gunzTarPerm extractEntry lib/Config.js
375 silly gunzTarPerm modified mode [ 'lib/Config.js', 436, 420 ]
376 silly gunzTarPerm extractEntry lib/Remote.js
377 silly gunzTarPerm modified mode [ 'lib/Remote.js', 436, 420 ]
378 silly gunzTarPerm extractEntry lib/Client.js
379 silly gunzTarPerm modified mode [ 'lib/Client.js', 436, 420 ]
380 silly gunzTarPerm extractEntry nan_implementation_12_inl.h
381 silly gunzTarPerm modified mode [ 'nan_implementation_12_inl.h', 436, 420 ]
382 silly gunzTarPerm extractEntry nan_implementation_pre_12_inl.h
383 silly gunzTarPerm modified mode [ 'nan_implementation_pre_12_inl.h', 436, 420 ]
384 silly gunzTarPerm extractEntry nan_json.h
385 silly gunzTarPerm modified mode [ 'nan_json.h', 436, 420 ]
386 silly gunzTarPerm extractEntry lib/api.js
387 silly gunzTarPerm modified mode [ 'lib/api.js', 436, 420 ]
388 silly gunzTarPerm extractEntry nan_maybe_43_inl.h
389 silly gunzTarPerm modified mode [ 'nan_maybe_43_inl.h', 436, 420 ]
390 silly gunzTarPerm extractEntry lib/hash.js
391 silly gunzTarPerm modified mode [ 'lib/hash.js', 436, 420 ]
392 silly gunzTarPerm extractEntry lib/utils-x509.js
393 silly gunzTarPerm modified mode [ 'lib/utils-x509.js', 436, 420 ]
394 silly gunzTarPerm extractEntry test/comparison.js
395 silly gunzTarPerm extractEntry test/hashtable.js
396 silly gunzTarPerm extractEntry lib/Peer.js
397 silly gunzTarPerm modified mode [ 'lib/Peer.js', 436, 420 ]
398 silly gunzTarPerm extractEntry nan_maybe_pre_43_inl.h
399 silly gunzTarPerm modified mode [ 'nan_maybe_pre_43_inl.h', 436, 420 ]
400 silly gunzTarPerm extractEntry nan_new.h
401 silly gunzTarPerm modified mode [ 'nan_new.h', 436, 420 ]
402 silly gunzTarPerm extractEntry nan_object_wrap.h
403 silly gunzTarPerm modified mode [ 'nan_object_wrap.h', 436, 420 ]
404 silly gunzTarPerm extractEntry test/keys.js
405 silly gunzTarPerm extractEntry lib/utils.js
406 silly gunzTarPerm modified mode [ 'lib/utils.js', 436, 420 ]
407 silly gunzTarPerm extractEntry lib/User.js
408 silly gunzTarPerm modified mode [ 'lib/User.js', 436, 420 ]
409 silly gunzTarPerm extractEntry nan_persistent_12_inl.h
410 silly gunzTarPerm modified mode [ 'nan_persistent_12_inl.h', 436, 420 ]
411 silly gunzTarPerm extractEntry nan_persistent_pre_12_inl.h
412 silly gunzTarPerm modified mode [ 'nan_persistent_pre_12_inl.h', 436, 420 ]
413 silly gunzTarPerm extractEntry lib/msp/identity.js
414 silly gunzTarPerm modified mode [ 'lib/msp/identity.js', 436, 420 ]
415 silly gunzTarPerm extractEntry lib/msp/msp-manager.js
416 silly gunzTarPerm modified mode [ 'lib/msp/msp-manager.js', 436, 420 ]
417 silly gunzTarPerm extractEntry nan_private.h
418 silly gunzTarPerm modified mode [ 'nan_private.h', 436, 420 ]
419 silly gunzTarPerm extractEntry nan_string_bytes.h
420 silly gunzTarPerm modified mode [ 'nan_string_bytes.h', 436, 420 ]
421 silly gunzTarPerm extractEntry lib/msp/msp.js
422 silly gunzTarPerm modified mode [ 'lib/msp/msp.js', 436, 420 ]
423 silly gunzTarPerm extractEntry lib/packager/Car.js
424 silly gunzTarPerm modified mode [ 'lib/packager/Car.js', 436, 420 ]
425 silly gunzTarPerm extractEntry nan_typedarray_contents.h
426 silly gunzTarPerm modified mode [ 'nan_typedarray_contents.h', 436, 420 ]
427 silly gunzTarPerm extractEntry nan_weak.h
428 silly gunzTarPerm modified mode [ 'nan_weak.h', 436, 420 ]
429 silly gunzTarPerm extractEntry lib/packager/Golang.js
430 silly gunzTarPerm modified mode [ 'lib/packager/Golang.js', 436, 420 ]
431 silly gunzTarPerm extractEntry lib/protos/.protoroot
432 silly gunzTarPerm modified mode [ 'lib/protos/.protoroot', 436, 420 ]
433 silly gunzTarPerm extractEntry nan.h
434 silly gunzTarPerm modified mode [ 'nan.h', 436, 420 ]
435 silly gunzTarPerm extractEntry README.md
436 silly gunzTarPerm modified mode [ 'README.md', 436, 420 ]
437 silly gunzTarPerm extractEntry lib/protos/common/common.proto
438 silly gunzTarPerm modified mode [ 'lib/protos/common/common.proto', 436, 420 ]
439 silly gunzTarPerm extractEntry lib/protos/common/configtx.proto
440 silly gunzTarPerm modified mode [ 'lib/protos/common/configtx.proto', 436, 420 ]
441 silly gunzTarPerm extractEntry doc/asyncworker.md
442 silly gunzTarPerm modified mode [ 'doc/asyncworker.md', 436, 420 ]
443 silly gunzTarPerm extractEntry doc/buffers.md
444 silly gunzTarPerm modified mode [ 'doc/buffers.md', 436, 420 ]
445 silly gunzTarPerm extractEntry lib/protos/common/configuration.proto
446 silly gunzTarPerm modified mode [ 'lib/protos/common/configuration.proto', 436, 420 ]
447 silly gunzTarPerm extractEntry lib/protos/common/ledger.proto
448 silly gunzTarPerm modified mode [ 'lib/protos/common/ledger.proto', 436, 420 ]
449 silly gunzTarPerm extractEntry lib/protos/common/msp_principal.proto
450 silly gunzTarPerm modified mode [ 'lib/protos/common/msp_principal.proto', 436, 420 ]
451 silly gunzTarPerm extractEntry doc/callback.md
452 silly gunzTarPerm modified mode [ 'doc/callback.md', 436, 420 ]
453 silly gunzTarPerm extractEntry doc/converters.md
454 silly gunzTarPerm modified mode [ 'doc/converters.md', 436, 420 ]
455 silly gunzTarPerm extractEntry lib/protos/common/policies.proto
456 silly gunzTarPerm modified mode [ 'lib/protos/common/policies.proto', 436, 420 ]
457 silly gentlyRm /Users/arthurmsouza/Developer/workspace/boleto/boleto-acciptance/node_modules/.staging/jsrsasign-329c0186/node_modules is being purged
458 verbose gentlyRm don't care about contents; nuking /Users/arthurmsouza/Developer/workspace/boleto/boleto-acciptance/node_modules/.staging/jsrsasign-329c0186/node_modules
459 silly gunzTarPerm extractEntry doc/errors.md
460 silly gunzTarPerm modified mode [ 'doc/errors.md', 436, 420 ]
461 silly gunzTarPerm extractEntry doc/json.md
462 silly gunzTarPerm modified mode [ 'doc/json.md', 436, 420 ]
463 silly gunzTarPerm extractEntry lib/protos/google/protobuf/empty.proto
464 silly gunzTarPerm modified mode [ 'lib/protos/google/protobuf/empty.proto', 436, 420 ]
465 silly gunzTarPerm extractEntry lib/protos/google/protobuf/timestamp.proto
466 silly gunzTarPerm modified mode [ 'lib/protos/google/protobuf/timestamp.proto', 436, 420 ]
467 silly gunzTarPerm extractEntry doc/maybe_types.md
468 silly gunzTarPerm modified mode [ 'doc/maybe_types.md', 436, 420 ]
469 silly gunzTarPerm extractEntry doc/methods.md
470 silly gunzTarPerm modified mode [ 'doc/methods.md', 436, 420 ]
471 silly gunzTarPerm extractEntry lib/protos/identity.proto
472 silly gunzTarPerm modified mode [ 'lib/protos/identity.proto', 436, 420 ]
473 silly gunzTarPerm extractEntry lib/protos/msp/mspconfig.proto
474 silly gunzTarPerm modified mode [ 'lib/protos/msp/mspconfig.proto', 436, 420 ]
475 silly gunzTarPerm extractEntry doc/new.md
476 silly gunzTarPerm modified mode [ 'doc/new.md', 436, 420 ]
477 silly gunzTarPerm extractEntry doc/node_misc.md
478 silly gunzTarPerm modified mode [ 'doc/node_misc.md', 436, 420 ]
479 silly gunzTarPerm extractEntry lib/protos/orderer/ab.proto
480 silly gunzTarPerm modified mode [ 'lib/protos/orderer/ab.proto', 436, 420 ]
481 silly gunzTarPerm extractEntry lib/protos/orderer/configuration.proto
482 silly gunzTarPerm modified mode [ 'lib/protos/orderer/configuration.proto', 436, 420 ]
483 silly gentlyRm /Users/arthurmsouza/Developer/workspace/boleto/boleto-acciptance/node_modules/.staging/hashtable-50cc8337/node_modules is being purged
484 verbose gentlyRm don't care about contents; nuking /Users/arthurmsouza/Developer/workspace/boleto/boleto-acciptance/node_modules/.staging/hashtable-50cc8337/node_modules
485 silly gunzTarPerm extractEntry doc/object_wrappers.md
486 silly gunzTarPerm modified mode [ 'doc/object_wrappers.md', 436, 420 ]
487 silly gunzTarPerm extractEntry doc/persistent.md
488 silly gunzTarPerm modified mode [ 'doc/persistent.md', 436, 420 ]
489 silly gunzTarPerm extractEntry lib/protos/peer/admin.proto
490 silly gunzTarPerm modified mode [ 'lib/protos/peer/admin.proto', 436, 420 ]
491 silly gunzTarPerm extractEntry lib/protos/peer/chaincode.proto
492 silly gunzTarPerm modified mode [ 'lib/protos/peer/chaincode.proto', 436, 420 ]
493 silly gunzTarPerm extractEntry doc/scopes.md
494 silly gunzTarPerm modified mode [ 'doc/scopes.md', 436, 420 ]
495 silly gunzTarPerm extractEntry doc/script.md
496 silly gunzTarPerm modified mode [ 'doc/script.md', 436, 420 ]
497 silly gunzTarPerm extractEntry lib/protos/peer/chaincodeevent.proto
498 silly gunzTarPerm modified mode [ 'lib/protos/peer/chaincodeevent.proto', 509, 493 ]
499 silly gunzTarPerm extractEntry lib/protos/peer/configuration.proto
500 silly gunzTarPerm modified mode [ 'lib/protos/peer/configuration.proto', 436, 420 ]
501 silly gunzTarPerm extractEntry doc/string_bytes.md
502 silly gunzTarPerm modified mode [ 'doc/string_bytes.md', 436, 420 ]
503 silly gunzTarPerm extractEntry doc/v8_internals.md
504 silly gunzTarPerm modified mode [ 'doc/v8_internals.md', 436, 420 ]
505 silly gunzTarPerm extractEntry lib/protos/peer/events.proto
506 silly gunzTarPerm modified mode [ 'lib/protos/peer/events.proto', 436, 420 ]
507 silly gunzTarPerm extractEntry lib/protos/peer/peer.proto
508 silly gunzTarPerm modified mode [ 'lib/protos/peer/peer.proto', 436, 420 ]
509 silly gunzTarPerm extractEntry doc/v8_misc.md
510 silly gunzTarPerm modified mode [ 'doc/v8_misc.md', 436, 420 ]
511 silly gunzTarPerm extractEntry lib/protos/peer/proposal.proto
512 silly gunzTarPerm modified mode [ 'lib/protos/peer/proposal.proto', 436, 420 ]
513 silly gunzTarPerm extractEntry lib/protos/peer/proposal_response.proto
514 silly gunzTarPerm modified mode [ 'lib/protos/peer/proposal_response.proto', 436, 420 ]
515 silly gunzTarPerm extractEntry tools/1to2.js
516 silly gunzTarPerm modified mode [ 'tools/1to2.js', 509, 493 ]
517 silly gunzTarPerm extractEntry tools/package.json
518 silly gunzTarPerm modified mode [ 'tools/package.json', 436, 420 ]
519 silly gunzTarPerm extractEntry lib/protos/peer/query.proto
520 silly gunzTarPerm modified mode [ 'lib/protos/peer/query.proto', 436, 420 ]
521 silly gunzTarPerm extractEntry lib/protos/peer/transaction.proto
522 silly gunzTarPerm modified mode [ 'lib/protos/peer/transaction.proto', 436, 420 ]
523 silly gunzTarPerm extractEntry tools/README.md
524 silly gunzTarPerm modified mode [ 'tools/README.md', 436, 420 ]
525 silly gunzTarPerm extractEntry lib/impl/CouchDBKeyValueStore.js
526 silly gunzTarPerm modified mode [ 'lib/impl/CouchDBKeyValueStore.js', 436, 420 ]
527 silly gunzTarPerm extractEntry lib/impl/CryptoKeyStore.js
528 silly gunzTarPerm modified mode [ 'lib/impl/CryptoKeyStore.js', 436, 420 ]
529 silly gunzTarPerm extractEntry lib/impl/CryptoSuite_ECDSA_AES.js
530 silly gunzTarPerm modified mode [ 'lib/impl/CryptoSuite_ECDSA_AES.js', 436, 420 ]
531 silly gunzTarPerm extractEntry lib/impl/FileKeyValueStore.js
532 silly gunzTarPerm modified mode [ 'lib/impl/FileKeyValueStore.js', 436, 420 ]
533 silly gunzTarPerm extractEntry lib/impl/bccsp_pkcs11.js
534 silly gunzTarPerm modified mode [ 'lib/impl/bccsp_pkcs11.js', 436, 420 ]
535 silly gunzTarPerm extractEntry lib/impl/aes/pkcs11_key.js
536 silly gunzTarPerm modified mode [ 'lib/impl/aes/pkcs11_key.js', 436, 420 ]
537 silly gunzTarPerm extractEntry lib/impl/ecdsa/key.js
538 silly gunzTarPerm modified mode [ 'lib/impl/ecdsa/key.js', 436, 420 ]
539 silly gunzTarPerm extractEntry lib/impl/ecdsa/pkcs11_key.js
540 silly gunzTarPerm modified mode [ 'lib/impl/ecdsa/pkcs11_key.js', 436, 420 ]
541 silly gentlyRm /Users/arthurmsouza/Developer/workspace/boleto/boleto-acciptance/node_modules/.staging/nan-8cb78400/node_modules is being purged
542 verbose gentlyRm don't care about contents; nuking /Users/arthurmsouza/Developer/workspace/boleto/boleto-acciptance/node_modules/.staging/nan-8cb78400/node_modules
543 silly gentlyRm /Users/arthurmsouza/Developer/workspace/boleto/boleto-acciptance/node_modules/.staging/fabric-client-e7d29a25/node_modules is being purged
544 verbose gentlyRm don't care about contents; nuking /Users/arthurmsouza/Developer/workspace/boleto/boleto-acciptance/node_modules/.staging/fabric-client-e7d29a25/node_modules
545 silly doParallel preinstall 5
546 silly preinstall fs@0.0.2 /Users/arthurmsouza/Developer/workspace/boleto/boleto-acciptance/node_modules/.staging/fs-90c903cd
547 info lifecycle fs@0.0.2~preinstall: fs@0.0.2
548 silly preinstall jsrsasign@6.2.2 /Users/arthurmsouza/Developer/workspace/boleto/boleto-acciptance/node_modules/.staging/jsrsasign-329c0186
549 info lifecycle jsrsasign@6.2.2~preinstall: jsrsasign@6.2.2
550 silly preinstall nan@2.14.1 /Users/arthurmsouza/Developer/workspace/boleto/boleto-acciptance/node_modules/.staging/nan-8cb78400
551 info lifecycle nan@2.14.1~preinstall: nan@2.14.1
552 silly preinstall hashtable@2.0.2 /Users/arthurmsouza/Developer/workspace/boleto/boleto-acciptance/node_modules/.staging/hashtable-50cc8337
553 info lifecycle hashtable@2.0.2~preinstall: hashtable@2.0.2
554 silly preinstall fabric-client@1.0.0-alpha /Users/arthurmsouza/Developer/workspace/boleto/boleto-acciptance/node_modules/.staging/fabric-client-e7d29a25
555 info lifecycle fabric-client@1.0.0-alpha~preinstall: fabric-client@1.0.0-alpha
556 silly lifecycle jsrsasign@6.2.2~preinstall: no script for preinstall, continuing
557 silly lifecycle nan@2.14.1~preinstall: no script for preinstall, continuing
558 silly lifecycle fs@0.0.2~preinstall: no script for preinstall, continuing
559 silly lifecycle hashtable@2.0.2~preinstall: no script for preinstall, continuing
560 silly lifecycle fabric-client@1.0.0-alpha~preinstall: no script for preinstall, continuing
561 silly doReverseSerial remove 0
562 silly doSerial move 0
563 silly doSerial finalize 5
564 silly finalize /Users/arthurmsouza/Developer/workspace/boleto/boleto-acciptance/node_modules/fabric-client/node_modules/fs
565 silly finalize /Users/arthurmsouza/Developer/workspace/boleto/boleto-acciptance/node_modules/fabric-client/node_modules/jsrsasign
566 silly finalize /Users/arthurmsouza/Developer/workspace/boleto/boleto-acciptance/node_modules/hashtable/node_modules/nan
567 silly finalize /Users/arthurmsouza/Developer/workspace/boleto/boleto-acciptance/node_modules/hashtable
568 silly finalize /Users/arthurmsouza/Developer/workspace/boleto/boleto-acciptance/node_modules/fabric-client
569 silly doSerial build 5
570 silly build fs@0.0.2
571 info linkStuff fs@0.0.2
572 silly linkStuff fs@0.0.2 has /Users/arthurmsouza/Developer/workspace/boleto/boleto-acciptance/node_modules/fabric-client/node_modules as its parent node_modules
573 verbose linkBins fs@0.0.2
574 verbose linkMans fs@0.0.2
575 silly build jsrsasign@6.2.2
576 info linkStuff jsrsasign@6.2.2
577 silly linkStuff jsrsasign@6.2.2 has /Users/arthurmsouza/Developer/workspace/boleto/boleto-acciptance/node_modules/fabric-client/node_modules as its parent node_modules
578 verbose linkBins jsrsasign@6.2.2
579 verbose linkMans jsrsasign@6.2.2
580 silly build nan@2.14.1
581 info linkStuff nan@2.14.1
582 silly linkStuff nan@2.14.1 has /Users/arthurmsouza/Developer/workspace/boleto/boleto-acciptance/node_modules/hashtable/node_modules as its parent node_modules
583 verbose linkBins nan@2.14.1
584 verbose linkMans nan@2.14.1
585 silly build hashtable@2.0.2
586 info linkStuff hashtable@2.0.2
587 silly linkStuff hashtable@2.0.2 has /Users/arthurmsouza/Developer/workspace/boleto/boleto-acciptance/node_modules as its parent node_modules
588 verbose linkBins hashtable@2.0.2
589 verbose linkMans hashtable@2.0.2
590 silly build fabric-client@1.0.0-alpha
591 info linkStuff fabric-client@1.0.0-alpha
592 silly linkStuff fabric-client@1.0.0-alpha has /Users/arthurmsouza/Developer/workspace/boleto/boleto-acciptance/node_modules as its parent node_modules
593 verbose linkBins fabric-client@1.0.0-alpha
594 verbose linkMans fabric-client@1.0.0-alpha
595 silly doSerial global-link 0
596 silly doParallel update-linked 0
597 silly doSerial install 5
598 silly install fs@0.0.2 /Users/arthurmsouza/Developer/workspace/boleto/boleto-acciptance/node_modules/.staging/fs-90c903cd
599 info lifecycle fs@0.0.2~install: fs@0.0.2
600 silly lifecycle fs@0.0.2~install: no script for install, continuing
601 silly install jsrsasign@6.2.2 /Users/arthurmsouza/Developer/workspace/boleto/boleto-acciptance/node_modules/.staging/jsrsasign-329c0186
602 info lifecycle jsrsasign@6.2.2~install: jsrsasign@6.2.2
603 silly lifecycle jsrsasign@6.2.2~install: no script for install, continuing
604 silly install nan@2.14.1 /Users/arthurmsouza/Developer/workspace/boleto/boleto-acciptance/node_modules/.staging/nan-8cb78400
605 info lifecycle nan@2.14.1~install: nan@2.14.1
606 silly lifecycle nan@2.14.1~install: no script for install, continuing
607 silly install hashtable@2.0.2 /Users/arthurmsouza/Developer/workspace/boleto/boleto-acciptance/node_modules/.staging/hashtable-50cc8337
608 info lifecycle hashtable@2.0.2~install: hashtable@2.0.2
609 verbose lifecycle hashtable@2.0.2~install: unsafe-perm in lifecycle true
610 verbose lifecycle hashtable@2.0.2~install: PATH: /Users/arthurmsouza/.nvm/versions/node/v6.9.0/lib/node_modules/npm/bin/node-gyp-bin:/Users/arthurmsouza/Developer/workspace/boleto/boleto-acciptance/node_modules/hashtable/node_modules/.bin:/Users/arthurmsouza/Developer/workspace/boleto/boleto-acciptance/node_modules/.bin:/Users/arthurmsouza/.nvm/versions/node/v6.9.0/bin:/usr/local/bin:/usr/bin:/bin:/usr/sbin:/sbin
611 verbose lifecycle hashtable@2.0.2~install: CWD: /Users/arthurmsouza/Developer/workspace/boleto/boleto-acciptance/node_modules/hashtable
612 silly lifecycle hashtable@2.0.2~install: Args: [ '-c', 'node-gyp configure build' ]
613 silly lifecycle hashtable@2.0.2~install: Returned: code: 1  signal: null
614 info lifecycle hashtable@2.0.2~install: Failed to exec install script
615 verbose unlock done using /Users/arthurmsouza/.npm/_locks/staging-d6ee9f646f15ae55.lock for /Users/arthurmsouza/Developer/workspace/boleto/boleto-acciptance/node_modules/.staging
616 silly rollbackFailedOptional Starting
617 silly rollbackFailedOptional Finishing
618 silly runTopLevelLifecycles Finishing
619 silly install printInstalled
620 verbose stack Error: hashtable@2.0.2 install: `node-gyp configure build`
620 verbose stack Exit status 1
620 verbose stack     at EventEmitter.<anonymous> (/Users/arthurmsouza/.nvm/versions/node/v6.9.0/lib/node_modules/npm/lib/utils/lifecycle.js:255:16)
620 verbose stack     at emitTwo (events.js:106:13)
620 verbose stack     at EventEmitter.emit (events.js:191:7)
620 verbose stack     at ChildProcess.<anonymous> (/Users/arthurmsouza/.nvm/versions/node/v6.9.0/lib/node_modules/npm/lib/utils/spawn.js:40:14)
620 verbose stack     at emitTwo (events.js:106:13)
620 verbose stack     at ChildProcess.emit (events.js:191:7)
620 verbose stack     at maybeClose (internal/child_process.js:877:16)
620 verbose stack     at Process.ChildProcess._handle.onexit (internal/child_process.js:226:5)
621 verbose pkgid hashtable@2.0.2
622 verbose cwd /Users/arthurmsouza/Developer/workspace/boleto/boleto-acciptance
623 error Darwin 18.7.0
624 error argv "/Users/arthurmsouza/.nvm/versions/node/v6.9.0/bin/node" "/Users/arthurmsouza/.nvm/versions/node/v6.9.0/bin/npm" "install"
625 error node v6.9.0
626 error npm  v3.10.8
627 error code ELIFECYCLE
628 error hashtable@2.0.2 install: `node-gyp configure build`
628 error Exit status 1
629 error Failed at the hashtable@2.0.2 install script 'node-gyp configure build'.
629 error Make sure you have the latest version of node.js and npm installed.
629 error If you do, this is most likely a problem with the hashtable package,
629 error not with npm itself.
629 error Tell the author that this fails on your system:
629 error     node-gyp configure build
629 error You can get information on how to open an issue for this project with:
629 error     npm bugs hashtable
629 error Or if that isn't available, you can get their info via:
629 error     npm owner ls hashtable
629 error There is likely additional logging output above.
630 verbose exit [ 1, true ]
